ARM GAS  C:\Users\Akira\AppData\Local\Temp\ccq8If9k.s 			page 1


   1              		.cpu cortex-m4
   2              		.arch armv7e-m
   3              		.fpu fpv4-sp-d16
   4              		.eabi_attribute 27, 1
   5              		.eabi_attribute 28, 1
   6              		.eabi_attribute 20, 1
   7              		.eabi_attribute 21, 1
   8              		.eabi_attribute 23, 3
   9              		.eabi_attribute 24, 1
  10              		.eabi_attribute 25, 1
  11              		.eabi_attribute 26, 1
  12              		.eabi_attribute 30, 1
  13              		.eabi_attribute 34, 1
  14              		.eabi_attribute 18, 4
  15              		.file	"ccsbcs.c"
  16              		.text
  17              	.Ltext0:
  18              		.cfi_sections	.debug_frame
  19              		.section	.text.ff_convert,"ax",%progbits
  20              		.align	1
  21              		.global	ff_convert
  22              		.syntax unified
  23              		.thumb
  24              		.thumb_func
  26              	ff_convert:
  27              	.LVL0:
  28              	.LFB123:
  29              		.file 1 "Middlewares/Third_Party/FatFs/src/option/ccsbcs.c"
   1:Middlewares/Third_Party/FatFs/src/option/ccsbcs.c **** /*------------------------------------------------------------------------*/
   2:Middlewares/Third_Party/FatFs/src/option/ccsbcs.c **** /* Unicode - Local code bidirectional converter  (C)ChaN, 2012            */
   3:Middlewares/Third_Party/FatFs/src/option/ccsbcs.c **** /* (SBCS code pages)                                                      */
   4:Middlewares/Third_Party/FatFs/src/option/ccsbcs.c **** /*------------------------------------------------------------------------*/
   5:Middlewares/Third_Party/FatFs/src/option/ccsbcs.c **** /*  437   U.S. (OEM)
   6:Middlewares/Third_Party/FatFs/src/option/ccsbcs.c **** /   720   Arabic (OEM)
   7:Middlewares/Third_Party/FatFs/src/option/ccsbcs.c **** /   1256  Arabic (Windows)
   8:Middlewares/Third_Party/FatFs/src/option/ccsbcs.c **** /   737   Greek (OEM)
   9:Middlewares/Third_Party/FatFs/src/option/ccsbcs.c **** /   1253  Greek (Windows)
  10:Middlewares/Third_Party/FatFs/src/option/ccsbcs.c **** /   1250  Central Europe (Windows)
  11:Middlewares/Third_Party/FatFs/src/option/ccsbcs.c **** /   775   Baltic (OEM)
  12:Middlewares/Third_Party/FatFs/src/option/ccsbcs.c **** /   1257  Baltic (Windows)
  13:Middlewares/Third_Party/FatFs/src/option/ccsbcs.c **** /   850   Multilingual Latin 1 (OEM)
  14:Middlewares/Third_Party/FatFs/src/option/ccsbcs.c **** /   852   Latin 2 (OEM)
  15:Middlewares/Third_Party/FatFs/src/option/ccsbcs.c **** /   1252  Latin 1 (Windows)
  16:Middlewares/Third_Party/FatFs/src/option/ccsbcs.c **** /   855   Cyrillic (OEM)
  17:Middlewares/Third_Party/FatFs/src/option/ccsbcs.c **** /   1251  Cyrillic (Windows)
  18:Middlewares/Third_Party/FatFs/src/option/ccsbcs.c **** /   866   Russian (OEM)
  19:Middlewares/Third_Party/FatFs/src/option/ccsbcs.c **** /   857   Turkish (OEM)
  20:Middlewares/Third_Party/FatFs/src/option/ccsbcs.c **** /   1254  Turkish (Windows)
  21:Middlewares/Third_Party/FatFs/src/option/ccsbcs.c **** /   858   Multilingual Latin 1 + Euro (OEM)
  22:Middlewares/Third_Party/FatFs/src/option/ccsbcs.c **** /   862   Hebrew (OEM)
  23:Middlewares/Third_Party/FatFs/src/option/ccsbcs.c **** /   1255  Hebrew (Windows)
  24:Middlewares/Third_Party/FatFs/src/option/ccsbcs.c **** /   874   Thai (OEM, Windows)
  25:Middlewares/Third_Party/FatFs/src/option/ccsbcs.c **** /   1258  Vietnam (OEM, Windows)
  26:Middlewares/Third_Party/FatFs/src/option/ccsbcs.c **** */
  27:Middlewares/Third_Party/FatFs/src/option/ccsbcs.c **** 
  28:Middlewares/Third_Party/FatFs/src/option/ccsbcs.c **** #include "../ff.h"
  29:Middlewares/Third_Party/FatFs/src/option/ccsbcs.c **** 
ARM GAS  C:\Users\Akira\AppData\Local\Temp\ccq8If9k.s 			page 2


  30:Middlewares/Third_Party/FatFs/src/option/ccsbcs.c **** 
  31:Middlewares/Third_Party/FatFs/src/option/ccsbcs.c **** #if _CODE_PAGE == 437
  32:Middlewares/Third_Party/FatFs/src/option/ccsbcs.c **** #define _TBLDEF 1
  33:Middlewares/Third_Party/FatFs/src/option/ccsbcs.c **** static
  34:Middlewares/Third_Party/FatFs/src/option/ccsbcs.c **** const WCHAR Tbl[] = {	/*  CP437(0x80-0xFF) to Unicode conversion table */
  35:Middlewares/Third_Party/FatFs/src/option/ccsbcs.c **** 	0x00C7, 0x00FC, 0x00E9, 0x00E2, 0x00E4, 0x00E0, 0x00E5, 0x00E7,
  36:Middlewares/Third_Party/FatFs/src/option/ccsbcs.c **** 	0x00EA, 0x00EB, 0x00E8, 0x00EF, 0x00EE, 0x00EC, 0x00C4, 0x00C5,
  37:Middlewares/Third_Party/FatFs/src/option/ccsbcs.c **** 	0x00C9, 0x00E6, 0x00C6, 0x00F4, 0x00F6, 0x00F2, 0x00FB, 0x00F9,
  38:Middlewares/Third_Party/FatFs/src/option/ccsbcs.c **** 	0x00FF, 0x00D6, 0x00DC, 0x00A2, 0x00A3, 0x00A5, 0x20A7, 0x0192,
  39:Middlewares/Third_Party/FatFs/src/option/ccsbcs.c **** 	0x00E1, 0x00ED, 0x00F3, 0x00FA, 0x00F1, 0x00D1, 0x00AA, 0x00BA,
  40:Middlewares/Third_Party/FatFs/src/option/ccsbcs.c **** 	0x00BF, 0x2310, 0x00AC, 0x00BD, 0x00BC, 0x00A1, 0x00AB, 0x00BB,
  41:Middlewares/Third_Party/FatFs/src/option/ccsbcs.c **** 	0x2591, 0x2592, 0x2593, 0x2502, 0x2524, 0x2561, 0x2562, 0x2556,
  42:Middlewares/Third_Party/FatFs/src/option/ccsbcs.c **** 	0x2555, 0x2563, 0x2551, 0x2557, 0x255D, 0x255C, 0x255B, 0x2510,
  43:Middlewares/Third_Party/FatFs/src/option/ccsbcs.c **** 	0x2514, 0x2534, 0x252C, 0x251C, 0x2500, 0x253C, 0x255E, 0x255F,
  44:Middlewares/Third_Party/FatFs/src/option/ccsbcs.c **** 	0x255A, 0x2554, 0x2569, 0x2566, 0x2560, 0x2550, 0x256C, 0x2567,
  45:Middlewares/Third_Party/FatFs/src/option/ccsbcs.c **** 	0x2568, 0x2564, 0x2565, 0x2559, 0x2558, 0x2552, 0x2553, 0x256B,
  46:Middlewares/Third_Party/FatFs/src/option/ccsbcs.c **** 	0x256A, 0x2518, 0x250C, 0x2588, 0x2584, 0x258C, 0x2590, 0x2580,
  47:Middlewares/Third_Party/FatFs/src/option/ccsbcs.c **** 	0x03B1, 0x00DF, 0x0393, 0x03C0, 0x03A3, 0x03C3, 0x00B5, 0x03C4,
  48:Middlewares/Third_Party/FatFs/src/option/ccsbcs.c **** 	0x03A6, 0x0398, 0x03A9, 0x03B4, 0x221E, 0x03C6, 0x03B5, 0x2229,
  49:Middlewares/Third_Party/FatFs/src/option/ccsbcs.c **** 	0x2261, 0x00B1, 0x2265, 0x2264, 0x2320, 0x2321, 0x00F7, 0x2248,
  50:Middlewares/Third_Party/FatFs/src/option/ccsbcs.c **** 	0x00B0, 0x2219, 0x00B7, 0x221A, 0x207F, 0x00B2, 0x25A0, 0x00A0
  51:Middlewares/Third_Party/FatFs/src/option/ccsbcs.c **** };
  52:Middlewares/Third_Party/FatFs/src/option/ccsbcs.c **** 
  53:Middlewares/Third_Party/FatFs/src/option/ccsbcs.c **** #elif _CODE_PAGE == 720
  54:Middlewares/Third_Party/FatFs/src/option/ccsbcs.c **** #define _TBLDEF 1
  55:Middlewares/Third_Party/FatFs/src/option/ccsbcs.c **** static
  56:Middlewares/Third_Party/FatFs/src/option/ccsbcs.c **** const WCHAR Tbl[] = {	/*  CP720(0x80-0xFF) to Unicode conversion table */
  57:Middlewares/Third_Party/FatFs/src/option/ccsbcs.c **** 	0x0000, 0x0000, 0x00E9, 0x00E2, 0x0000, 0x00E0, 0x0000, 0x00E7,
  58:Middlewares/Third_Party/FatFs/src/option/ccsbcs.c **** 	0x00EA, 0x00EB, 0x00E8, 0x00EF, 0x00EE, 0x0000, 0x0000, 0x0000,
  59:Middlewares/Third_Party/FatFs/src/option/ccsbcs.c **** 	0x0000, 0x0651, 0x0652, 0x00F4, 0x00A4, 0x0640, 0x00FB, 0x00F9,
  60:Middlewares/Third_Party/FatFs/src/option/ccsbcs.c **** 	0x0621, 0x0622, 0x0623, 0x0624, 0x00A3, 0x0625, 0x0626, 0x0627,
  61:Middlewares/Third_Party/FatFs/src/option/ccsbcs.c **** 	0x0628, 0x0629, 0x062A, 0x062B, 0x062C, 0x062D, 0x062E, 0x062F,
  62:Middlewares/Third_Party/FatFs/src/option/ccsbcs.c **** 	0x0630, 0x0631, 0x0632, 0x0633, 0x0634, 0x0635, 0x00AB, 0x00BB,
  63:Middlewares/Third_Party/FatFs/src/option/ccsbcs.c **** 	0x2591, 0x2592, 0x2593, 0x2502, 0x2524, 0x2561, 0x2562, 0x2556,
  64:Middlewares/Third_Party/FatFs/src/option/ccsbcs.c **** 	0x2555, 0x2563, 0x2551, 0x2557, 0x255D, 0x255C, 0x255B, 0x2510,
  65:Middlewares/Third_Party/FatFs/src/option/ccsbcs.c **** 	0x2514, 0x2534, 0x252C, 0x251C, 0x2500, 0x253C, 0x255E, 0x255F,
  66:Middlewares/Third_Party/FatFs/src/option/ccsbcs.c **** 	0x255A, 0x2554, 0x2569, 0x2566, 0x2560, 0x2550, 0x256C, 0x2567,
  67:Middlewares/Third_Party/FatFs/src/option/ccsbcs.c **** 	0x2568, 0x2564, 0x2565, 0x2559, 0x2558, 0x2552, 0x2553, 0x256B,
  68:Middlewares/Third_Party/FatFs/src/option/ccsbcs.c **** 	0x256A, 0x2518, 0x250C, 0x2588, 0x2584, 0x258C, 0x2590, 0x2580,
  69:Middlewares/Third_Party/FatFs/src/option/ccsbcs.c **** 	0x0636, 0x0637, 0x0638, 0x0639, 0x063A, 0x0641, 0x00B5, 0x0642,
  70:Middlewares/Third_Party/FatFs/src/option/ccsbcs.c **** 	0x0643, 0x0644, 0x0645, 0x0646, 0x0647, 0x0648, 0x0649, 0x064A,
  71:Middlewares/Third_Party/FatFs/src/option/ccsbcs.c **** 	0x2261, 0x064B, 0x064C, 0x064D, 0x064E, 0x064F, 0x0650, 0x2248,
  72:Middlewares/Third_Party/FatFs/src/option/ccsbcs.c **** 	0x00B0, 0x2219, 0x00B7, 0x221A, 0x207F, 0x00B2, 0x25A0, 0x00A0
  73:Middlewares/Third_Party/FatFs/src/option/ccsbcs.c **** };
  74:Middlewares/Third_Party/FatFs/src/option/ccsbcs.c **** 
  75:Middlewares/Third_Party/FatFs/src/option/ccsbcs.c **** #elif _CODE_PAGE == 737
  76:Middlewares/Third_Party/FatFs/src/option/ccsbcs.c **** #define _TBLDEF 1
  77:Middlewares/Third_Party/FatFs/src/option/ccsbcs.c **** static
  78:Middlewares/Third_Party/FatFs/src/option/ccsbcs.c **** const WCHAR Tbl[] = {	/*  CP737(0x80-0xFF) to Unicode conversion table */
  79:Middlewares/Third_Party/FatFs/src/option/ccsbcs.c **** 	0x0391, 0x0392, 0x0393, 0x0394, 0x0395, 0x0396, 0x0397, 0x0398,
  80:Middlewares/Third_Party/FatFs/src/option/ccsbcs.c **** 	0x0399, 0x039A, 0x039B, 0x039C, 0x039D, 0x039E, 0x039F, 0x03A0,
  81:Middlewares/Third_Party/FatFs/src/option/ccsbcs.c **** 	0x03A1, 0x03A3, 0x03A4, 0x03A5, 0x03A6, 0x03A7, 0x03A8, 0x03A9,
  82:Middlewares/Third_Party/FatFs/src/option/ccsbcs.c **** 	0x03B1, 0x03B2, 0x03B3, 0x03B4, 0x03B5, 0x03B6, 0x03B7, 0x03B8,
  83:Middlewares/Third_Party/FatFs/src/option/ccsbcs.c **** 	0x03B9, 0x03BA, 0x03BB, 0x03BC, 0x03BD, 0x03BE, 0x03BF, 0x03C0,
  84:Middlewares/Third_Party/FatFs/src/option/ccsbcs.c **** 	0x03C1, 0x03C3, 0x03C2, 0x03C4, 0x03C5, 0x03C6, 0x03C7, 0x03C8,
  85:Middlewares/Third_Party/FatFs/src/option/ccsbcs.c **** 	0x2591, 0x2592, 0x2593, 0x2502, 0x2524, 0x2561, 0x2562, 0x2556,
  86:Middlewares/Third_Party/FatFs/src/option/ccsbcs.c **** 	0x2555, 0x2563, 0x2551, 0x2557, 0x255D, 0x255C, 0x255B, 0x2510,
ARM GAS  C:\Users\Akira\AppData\Local\Temp\ccq8If9k.s 			page 3


  87:Middlewares/Third_Party/FatFs/src/option/ccsbcs.c **** 	0x2514, 0x2534, 0x252C, 0x251C, 0x2500, 0x253C, 0x255E, 0x255F,
  88:Middlewares/Third_Party/FatFs/src/option/ccsbcs.c **** 	0x255A, 0x2554, 0x2569, 0x2566, 0x2560, 0x2550, 0x256C, 0x2567,
  89:Middlewares/Third_Party/FatFs/src/option/ccsbcs.c **** 	0x2568, 0x2564, 0x2565, 0x2559, 0x2558, 0x2552, 0x2553, 0x256B,
  90:Middlewares/Third_Party/FatFs/src/option/ccsbcs.c **** 	0x256A, 0x2518, 0x250C, 0x2588, 0x2584, 0x258C, 0x2590, 0x2580,
  91:Middlewares/Third_Party/FatFs/src/option/ccsbcs.c **** 	0x03C9, 0x03AC, 0x03AD, 0x03AE, 0x03CA, 0x03AF, 0x03CC, 0x03CD,
  92:Middlewares/Third_Party/FatFs/src/option/ccsbcs.c **** 	0x03CB, 0x03CE, 0x0386, 0x0388, 0x0389, 0x038A, 0x038C, 0x038E,
  93:Middlewares/Third_Party/FatFs/src/option/ccsbcs.c **** 	0x038F, 0x00B1, 0x2265, 0x2264, 0x03AA, 0x03AB, 0x00F7, 0x2248,
  94:Middlewares/Third_Party/FatFs/src/option/ccsbcs.c **** 	0x00B0, 0x2219, 0x00B7, 0x221A, 0x207F, 0x00B2, 0x25A0, 0x00A0
  95:Middlewares/Third_Party/FatFs/src/option/ccsbcs.c **** };
  96:Middlewares/Third_Party/FatFs/src/option/ccsbcs.c **** 
  97:Middlewares/Third_Party/FatFs/src/option/ccsbcs.c **** #elif _CODE_PAGE == 775
  98:Middlewares/Third_Party/FatFs/src/option/ccsbcs.c **** #define _TBLDEF 1
  99:Middlewares/Third_Party/FatFs/src/option/ccsbcs.c **** static
 100:Middlewares/Third_Party/FatFs/src/option/ccsbcs.c **** const WCHAR Tbl[] = {	/*  CP775(0x80-0xFF) to Unicode conversion table */
 101:Middlewares/Third_Party/FatFs/src/option/ccsbcs.c **** 	0x0106, 0x00FC, 0x00E9, 0x0101, 0x00E4, 0x0123, 0x00E5, 0x0107,
 102:Middlewares/Third_Party/FatFs/src/option/ccsbcs.c **** 	0x0142, 0x0113, 0x0156, 0x0157, 0x012B, 0x0179, 0x00C4, 0x00C5,
 103:Middlewares/Third_Party/FatFs/src/option/ccsbcs.c **** 	0x00C9, 0x00E6, 0x00C6, 0x014D, 0x00F6, 0x0122, 0x00A2, 0x015A,
 104:Middlewares/Third_Party/FatFs/src/option/ccsbcs.c **** 	0x015B, 0x00D6, 0x00DC, 0x00F8, 0x00A3, 0x00D8, 0x00D7, 0x00A4,
 105:Middlewares/Third_Party/FatFs/src/option/ccsbcs.c **** 	0x0100, 0x012A, 0x00F3, 0x017B, 0x017C, 0x017A, 0x201D, 0x00A6,
 106:Middlewares/Third_Party/FatFs/src/option/ccsbcs.c **** 	0x00A9, 0x00AE, 0x00AC, 0x00BD, 0x00BC, 0x0141, 0x00AB, 0x00BB,
 107:Middlewares/Third_Party/FatFs/src/option/ccsbcs.c **** 	0x2591, 0x2592, 0x2593, 0x2502, 0x2524, 0x0104, 0x010C, 0x0118,
 108:Middlewares/Third_Party/FatFs/src/option/ccsbcs.c **** 	0x0116, 0x2563, 0x2551, 0x2557, 0x255D, 0x012E, 0x0160, 0x2510,
 109:Middlewares/Third_Party/FatFs/src/option/ccsbcs.c **** 	0x2514, 0x2534, 0x252C, 0x251C, 0x2500, 0x253C, 0x0172, 0x016A,
 110:Middlewares/Third_Party/FatFs/src/option/ccsbcs.c **** 	0x255A, 0x2554, 0x2569, 0x2566, 0x2560, 0x2550, 0x256C, 0x017D,
 111:Middlewares/Third_Party/FatFs/src/option/ccsbcs.c **** 	0x0105, 0x010D, 0x0119, 0x0117, 0x012F, 0x0161, 0x0173, 0x016B,
 112:Middlewares/Third_Party/FatFs/src/option/ccsbcs.c **** 	0x017E, 0x2518, 0x250C, 0x2588, 0x2584, 0x258C, 0x2590, 0x2580,
 113:Middlewares/Third_Party/FatFs/src/option/ccsbcs.c **** 	0x00D3, 0x00DF, 0x014C, 0x0143, 0x00F5, 0x00D5, 0x00B5, 0x0144,
 114:Middlewares/Third_Party/FatFs/src/option/ccsbcs.c **** 	0x0136, 0x0137, 0x013B, 0x013C, 0x0146, 0x0112, 0x0145, 0x2019,
 115:Middlewares/Third_Party/FatFs/src/option/ccsbcs.c **** 	0x00AD, 0x00B1, 0x201C, 0x00BE, 0x00B6, 0x00A7, 0x00F7, 0x201E,
 116:Middlewares/Third_Party/FatFs/src/option/ccsbcs.c **** 	0x00B0, 0x2219, 0x00B7, 0x00B9, 0x00B3, 0x00B2, 0x25A0, 0x00A0
 117:Middlewares/Third_Party/FatFs/src/option/ccsbcs.c **** };
 118:Middlewares/Third_Party/FatFs/src/option/ccsbcs.c **** 
 119:Middlewares/Third_Party/FatFs/src/option/ccsbcs.c **** #elif _CODE_PAGE == 850
 120:Middlewares/Third_Party/FatFs/src/option/ccsbcs.c **** #define _TBLDEF 1
 121:Middlewares/Third_Party/FatFs/src/option/ccsbcs.c **** static
 122:Middlewares/Third_Party/FatFs/src/option/ccsbcs.c **** const WCHAR Tbl[] = {	/*  CP850(0x80-0xFF) to Unicode conversion table */
 123:Middlewares/Third_Party/FatFs/src/option/ccsbcs.c **** 	0x00C7, 0x00FC, 0x00E9, 0x00E2, 0x00E4, 0x00E0, 0x00E5, 0x00E7,
 124:Middlewares/Third_Party/FatFs/src/option/ccsbcs.c **** 	0x00EA, 0x00EB, 0x00E8, 0x00EF, 0x00EE, 0x00EC, 0x00C4, 0x00C5,
 125:Middlewares/Third_Party/FatFs/src/option/ccsbcs.c **** 	0x00C9, 0x00E6, 0x00C6, 0x00F4, 0x00F6, 0x00F2, 0x00FB, 0x00F9,
 126:Middlewares/Third_Party/FatFs/src/option/ccsbcs.c **** 	0x00FF, 0x00D6, 0x00DC, 0x00F8, 0x00A3, 0x00D8, 0x00D7, 0x0192,
 127:Middlewares/Third_Party/FatFs/src/option/ccsbcs.c **** 	0x00E1, 0x00ED, 0x00F3, 0x00FA, 0x00F1, 0x00D1, 0x00AA, 0x00BA,
 128:Middlewares/Third_Party/FatFs/src/option/ccsbcs.c **** 	0x00BF, 0x00AE, 0x00AC, 0x00BD, 0x00BC, 0x00A1, 0x00AB, 0x00BB,
 129:Middlewares/Third_Party/FatFs/src/option/ccsbcs.c **** 	0x2591, 0x2592, 0x2593, 0x2502, 0x2524, 0x00C1, 0x00C2, 0x00C0,
 130:Middlewares/Third_Party/FatFs/src/option/ccsbcs.c **** 	0x00A9, 0x2563, 0x2551, 0x2557, 0x255D, 0x00A2, 0x00A5, 0x2510,
 131:Middlewares/Third_Party/FatFs/src/option/ccsbcs.c **** 	0x2514, 0x2534, 0x252C, 0x251C, 0x2500, 0x253C, 0x00E3, 0x00C3,
 132:Middlewares/Third_Party/FatFs/src/option/ccsbcs.c **** 	0x255A, 0x2554, 0x2569, 0x2566, 0x2560, 0x2550, 0x256C, 0x00A4,
 133:Middlewares/Third_Party/FatFs/src/option/ccsbcs.c **** 	0x00F0, 0x00D0, 0x00CA, 0x00CB, 0x00C8, 0x0131, 0x00CD, 0x00CE,
 134:Middlewares/Third_Party/FatFs/src/option/ccsbcs.c **** 	0x00CF, 0x2518, 0x250C, 0x2588, 0x2584, 0x00A6, 0x00CC, 0x2580,
 135:Middlewares/Third_Party/FatFs/src/option/ccsbcs.c **** 	0x00D3, 0x00DF, 0x00D4, 0x00D2, 0x00F5, 0x00D5, 0x00B5, 0x00FE,
 136:Middlewares/Third_Party/FatFs/src/option/ccsbcs.c **** 	0x00DE, 0x00DA, 0x00DB, 0x00D9, 0x00FD, 0x00DD, 0x00AF, 0x00B4,
 137:Middlewares/Third_Party/FatFs/src/option/ccsbcs.c **** 	0x00AD, 0x00B1, 0x2017, 0x00BE, 0x00B6, 0x00A7, 0x00F7, 0x00B8,
 138:Middlewares/Third_Party/FatFs/src/option/ccsbcs.c **** 	0x00B0, 0x00A8, 0x00B7, 0x00B9, 0x00B3, 0x00B2, 0x25A0, 0x00A0
 139:Middlewares/Third_Party/FatFs/src/option/ccsbcs.c **** };
 140:Middlewares/Third_Party/FatFs/src/option/ccsbcs.c **** 
 141:Middlewares/Third_Party/FatFs/src/option/ccsbcs.c **** #elif _CODE_PAGE == 852
 142:Middlewares/Third_Party/FatFs/src/option/ccsbcs.c **** #define _TBLDEF 1
 143:Middlewares/Third_Party/FatFs/src/option/ccsbcs.c **** static
ARM GAS  C:\Users\Akira\AppData\Local\Temp\ccq8If9k.s 			page 4


 144:Middlewares/Third_Party/FatFs/src/option/ccsbcs.c **** const WCHAR Tbl[] = {	/*  CP852(0x80-0xFF) to Unicode conversion table */
 145:Middlewares/Third_Party/FatFs/src/option/ccsbcs.c **** 	0x00C7, 0x00FC, 0x00E9, 0x00E2, 0x00E4, 0x016F, 0x0107, 0x00E7,
 146:Middlewares/Third_Party/FatFs/src/option/ccsbcs.c **** 	0x0142, 0x00EB, 0x0150, 0x0151, 0x00EE, 0x0179, 0x00C4, 0x0106,
 147:Middlewares/Third_Party/FatFs/src/option/ccsbcs.c **** 	0x00C9, 0x0139, 0x013A, 0x00F4, 0x00F6, 0x013D, 0x013E, 0x015A,
 148:Middlewares/Third_Party/FatFs/src/option/ccsbcs.c **** 	0x015B, 0x00D6, 0x00DC, 0x0164, 0x0165, 0x0141, 0x00D7, 0x010D,
 149:Middlewares/Third_Party/FatFs/src/option/ccsbcs.c **** 	0x00E1, 0x00ED, 0x00F3, 0x00FA, 0x0104, 0x0105, 0x017D, 0x017E,
 150:Middlewares/Third_Party/FatFs/src/option/ccsbcs.c **** 	0x0118, 0x0119, 0x00AC, 0x017A, 0x010C, 0x015F, 0x00AB, 0x00BB,
 151:Middlewares/Third_Party/FatFs/src/option/ccsbcs.c **** 	0x2591, 0x2592, 0x2593, 0x2502, 0x2524, 0x00C1, 0x00C2, 0x011A,
 152:Middlewares/Third_Party/FatFs/src/option/ccsbcs.c **** 	0x015E, 0x2563, 0x2551, 0x2557, 0x255D, 0x017B, 0x017C, 0x2510,
 153:Middlewares/Third_Party/FatFs/src/option/ccsbcs.c **** 	0x2514, 0x2534, 0x252C, 0x251C, 0x2500, 0x253C, 0x0102, 0x0103,
 154:Middlewares/Third_Party/FatFs/src/option/ccsbcs.c **** 	0x255A, 0x2554, 0x2569, 0x2566, 0x2560, 0x2550, 0x256C, 0x00A4,
 155:Middlewares/Third_Party/FatFs/src/option/ccsbcs.c **** 	0x0111, 0x0110, 0x010E, 0x00CB, 0x010F, 0x0147, 0x00CD, 0x00CE,
 156:Middlewares/Third_Party/FatFs/src/option/ccsbcs.c **** 	0x011B, 0x2518, 0x250C, 0x2588, 0x2584, 0x0162, 0x016E, 0x2580,
 157:Middlewares/Third_Party/FatFs/src/option/ccsbcs.c **** 	0x00D3, 0x00DF, 0x00D4, 0x0143, 0x0144, 0x0148, 0x0160, 0x0161,
 158:Middlewares/Third_Party/FatFs/src/option/ccsbcs.c **** 	0x0154, 0x00DA, 0x0155, 0x0170, 0x00FD, 0x00DD, 0x0163, 0x00B4,
 159:Middlewares/Third_Party/FatFs/src/option/ccsbcs.c **** 	0x00AD, 0x02DD, 0x02DB, 0x02C7, 0x02D8, 0x00A7, 0x00F7, 0x00B8,
 160:Middlewares/Third_Party/FatFs/src/option/ccsbcs.c **** 	0x00B0, 0x00A8, 0x02D9, 0x0171, 0x0158, 0x0159, 0x25A0, 0x00A0
 161:Middlewares/Third_Party/FatFs/src/option/ccsbcs.c **** };
 162:Middlewares/Third_Party/FatFs/src/option/ccsbcs.c **** 
 163:Middlewares/Third_Party/FatFs/src/option/ccsbcs.c **** #elif _CODE_PAGE == 855
 164:Middlewares/Third_Party/FatFs/src/option/ccsbcs.c **** #define _TBLDEF 1
 165:Middlewares/Third_Party/FatFs/src/option/ccsbcs.c **** static
 166:Middlewares/Third_Party/FatFs/src/option/ccsbcs.c **** const WCHAR Tbl[] = {	/*  CP855(0x80-0xFF) to Unicode conversion table */
 167:Middlewares/Third_Party/FatFs/src/option/ccsbcs.c **** 	0x0452, 0x0402, 0x0453, 0x0403, 0x0451, 0x0401, 0x0454, 0x0404,
 168:Middlewares/Third_Party/FatFs/src/option/ccsbcs.c **** 	0x0455, 0x0405, 0x0456, 0x0406, 0x0457, 0x0407, 0x0458, 0x0408,
 169:Middlewares/Third_Party/FatFs/src/option/ccsbcs.c **** 	0x0459, 0x0409, 0x045A, 0x040A, 0x045B, 0x040B, 0x045C, 0x040C,
 170:Middlewares/Third_Party/FatFs/src/option/ccsbcs.c **** 	0x045E, 0x040E, 0x045F, 0x040F, 0x044E, 0x042E, 0x044A, 0x042A,
 171:Middlewares/Third_Party/FatFs/src/option/ccsbcs.c **** 	0x0430, 0x0410, 0x0431, 0x0411, 0x0446, 0x0426, 0x0434, 0x0414,
 172:Middlewares/Third_Party/FatFs/src/option/ccsbcs.c **** 	0x0435, 0x0415, 0x0444, 0x0424, 0x0433, 0x0413, 0x00AB, 0x00BB,
 173:Middlewares/Third_Party/FatFs/src/option/ccsbcs.c **** 	0x2591, 0x2592, 0x2593, 0x2502, 0x2524, 0x0445, 0x0425, 0x0438,
 174:Middlewares/Third_Party/FatFs/src/option/ccsbcs.c **** 	0x0418, 0x2563, 0x2551, 0x2557, 0x255D, 0x0439, 0x0419, 0x2510,
 175:Middlewares/Third_Party/FatFs/src/option/ccsbcs.c **** 	0x2514, 0x2534, 0x252C, 0x251C, 0x2500, 0x253C, 0x043A, 0x041A,
 176:Middlewares/Third_Party/FatFs/src/option/ccsbcs.c **** 	0x255A, 0x2554, 0x2569, 0x2566, 0x2560, 0x2550, 0x256C, 0x00A4,
 177:Middlewares/Third_Party/FatFs/src/option/ccsbcs.c **** 	0x043B, 0x041B, 0x043C, 0x041C, 0x043D, 0x041D, 0x043E, 0x041E,
 178:Middlewares/Third_Party/FatFs/src/option/ccsbcs.c **** 	0x043F, 0x2518, 0x250C, 0x2588, 0x2584, 0x041F, 0x044F, 0x2580,
 179:Middlewares/Third_Party/FatFs/src/option/ccsbcs.c **** 	0x042F, 0x0440, 0x0420, 0x0441, 0x0421, 0x0442, 0x0422, 0x0443,
 180:Middlewares/Third_Party/FatFs/src/option/ccsbcs.c **** 	0x0423, 0x0436, 0x0416, 0x0432, 0x0412, 0x044C, 0x042C, 0x2116,
 181:Middlewares/Third_Party/FatFs/src/option/ccsbcs.c **** 	0x00AD, 0x044B, 0x042B, 0x0437, 0x0417, 0x0448, 0x0428, 0x044D,
 182:Middlewares/Third_Party/FatFs/src/option/ccsbcs.c **** 	0x042D, 0x0449, 0x0429, 0x0447, 0x0427, 0x00A7, 0x25A0, 0x00A0
 183:Middlewares/Third_Party/FatFs/src/option/ccsbcs.c **** };
 184:Middlewares/Third_Party/FatFs/src/option/ccsbcs.c **** 
 185:Middlewares/Third_Party/FatFs/src/option/ccsbcs.c **** #elif _CODE_PAGE == 857
 186:Middlewares/Third_Party/FatFs/src/option/ccsbcs.c **** #define _TBLDEF 1
 187:Middlewares/Third_Party/FatFs/src/option/ccsbcs.c **** static
 188:Middlewares/Third_Party/FatFs/src/option/ccsbcs.c **** const WCHAR Tbl[] = {	/*  CP857(0x80-0xFF) to Unicode conversion table */
 189:Middlewares/Third_Party/FatFs/src/option/ccsbcs.c **** 	0x00C7, 0x00FC, 0x00E9, 0x00E2, 0x00E4, 0x00E0, 0x00E5, 0x00E7,
 190:Middlewares/Third_Party/FatFs/src/option/ccsbcs.c **** 	0x00EA, 0x00EB, 0x00E8, 0x00EF, 0x00EE, 0x0131, 0x00C4, 0x00C5,
 191:Middlewares/Third_Party/FatFs/src/option/ccsbcs.c **** 	0x00C9, 0x00E6, 0x00C6, 0x00F4, 0x00F6, 0x00F2, 0x00FB, 0x00F9,
 192:Middlewares/Third_Party/FatFs/src/option/ccsbcs.c **** 	0x0130, 0x00D6, 0x00DC, 0x00F8, 0x00A3, 0x00D8, 0x015E, 0x015F,
 193:Middlewares/Third_Party/FatFs/src/option/ccsbcs.c **** 	0x00E1, 0x00ED, 0x00F3, 0x00FA, 0x00F1, 0x00D1, 0x011E, 0x011F,
 194:Middlewares/Third_Party/FatFs/src/option/ccsbcs.c **** 	0x00BF, 0x00AE, 0x00AC, 0x00BD, 0x00BC, 0x00A1, 0x00AB, 0x00BB,
 195:Middlewares/Third_Party/FatFs/src/option/ccsbcs.c **** 	0x2591, 0x2592, 0x2593, 0x2502, 0x2524, 0x00C1, 0x00C2, 0x00C0,
 196:Middlewares/Third_Party/FatFs/src/option/ccsbcs.c **** 	0x00A9, 0x2563, 0x2551, 0x2557, 0x255D, 0x00A2, 0x00A5, 0x2510,
 197:Middlewares/Third_Party/FatFs/src/option/ccsbcs.c **** 	0x2514, 0x2534, 0x252C, 0x251C, 0x2500, 0x253C, 0x00E3, 0x00C3,
 198:Middlewares/Third_Party/FatFs/src/option/ccsbcs.c **** 	0x255A, 0x2554, 0x2569, 0x2566, 0x2560, 0x2550, 0x256C, 0x00A4,
 199:Middlewares/Third_Party/FatFs/src/option/ccsbcs.c **** 	0x00BA, 0x00AA, 0x00CA, 0x00CB, 0x00C8, 0x0000, 0x00CD, 0x00CE,
 200:Middlewares/Third_Party/FatFs/src/option/ccsbcs.c **** 	0x00CF, 0x2518, 0x250C, 0x2588, 0x2584, 0x00A6, 0x00CC, 0x2580,
ARM GAS  C:\Users\Akira\AppData\Local\Temp\ccq8If9k.s 			page 5


 201:Middlewares/Third_Party/FatFs/src/option/ccsbcs.c **** 	0x00D3, 0x00DF, 0x00D4, 0x00D2, 0x00F5, 0x00D5, 0x00B5, 0x0000,
 202:Middlewares/Third_Party/FatFs/src/option/ccsbcs.c **** 	0x00D7, 0x00DA, 0x00DB, 0x00D9, 0x00EC, 0x00FF, 0x00AF, 0x00B4,
 203:Middlewares/Third_Party/FatFs/src/option/ccsbcs.c **** 	0x00AD, 0x00B1, 0x0000, 0x00BE, 0x00B6, 0x00A7, 0x00F7, 0x00B8,
 204:Middlewares/Third_Party/FatFs/src/option/ccsbcs.c **** 	0x00B0, 0x00A8, 0x00B7, 0x00B9, 0x00B3, 0x00B2, 0x25A0, 0x00A0
 205:Middlewares/Third_Party/FatFs/src/option/ccsbcs.c **** };
 206:Middlewares/Third_Party/FatFs/src/option/ccsbcs.c **** 
 207:Middlewares/Third_Party/FatFs/src/option/ccsbcs.c **** #elif _CODE_PAGE == 858
 208:Middlewares/Third_Party/FatFs/src/option/ccsbcs.c **** #define _TBLDEF 1
 209:Middlewares/Third_Party/FatFs/src/option/ccsbcs.c **** static
 210:Middlewares/Third_Party/FatFs/src/option/ccsbcs.c **** const WCHAR Tbl[] = {	/*  CP858(0x80-0xFF) to Unicode conversion table */
 211:Middlewares/Third_Party/FatFs/src/option/ccsbcs.c **** 	0x00C7, 0x00FC, 0x00E9, 0x00E2, 0x00E4, 0x00E0, 0x00E5, 0x00E7,
 212:Middlewares/Third_Party/FatFs/src/option/ccsbcs.c **** 	0x00EA, 0x00EB, 0x00E8, 0x00EF, 0x00EE, 0x00EC, 0x00C4, 0x00C5,
 213:Middlewares/Third_Party/FatFs/src/option/ccsbcs.c **** 	0x00C9, 0x00E6, 0x00C6, 0x00F4, 0x00F6, 0x00F2, 0x00FB, 0x00F9,
 214:Middlewares/Third_Party/FatFs/src/option/ccsbcs.c **** 	0x00FF, 0x00D6, 0x00DC, 0x00F8, 0x00A3, 0x00D8, 0x00D7, 0x0192,
 215:Middlewares/Third_Party/FatFs/src/option/ccsbcs.c **** 	0x00E1, 0x00ED, 0x00F3, 0x00FA, 0x00F1, 0x00D1, 0x00AA, 0x00BA,
 216:Middlewares/Third_Party/FatFs/src/option/ccsbcs.c **** 	0x00BF, 0x00AE, 0x00AC, 0x00BD, 0x00BC, 0x00A1, 0x00AB, 0x00BB,
 217:Middlewares/Third_Party/FatFs/src/option/ccsbcs.c **** 	0x2591, 0x2592, 0x2593, 0x2502, 0x2524, 0x00C1, 0x00C2, 0x00C0,
 218:Middlewares/Third_Party/FatFs/src/option/ccsbcs.c **** 	0x00A9, 0x2563, 0x2551, 0x2557, 0x2550, 0x00A2, 0x00A5, 0x2510,
 219:Middlewares/Third_Party/FatFs/src/option/ccsbcs.c **** 	0x2514, 0x2534, 0x252C, 0x251C, 0x2500, 0x253C, 0x00E3, 0x00C3,
 220:Middlewares/Third_Party/FatFs/src/option/ccsbcs.c **** 	0x255A, 0x2554, 0x2569, 0x2566, 0x2560, 0x2550, 0x256C, 0x00A4,
 221:Middlewares/Third_Party/FatFs/src/option/ccsbcs.c **** 	0x00F0, 0x00D0, 0x00CA, 0x00CB, 0x00C8, 0x20AC, 0x00CD, 0x00CE,
 222:Middlewares/Third_Party/FatFs/src/option/ccsbcs.c **** 	0x00CF, 0x2518, 0x250C, 0x2588, 0x2584, 0x00C6, 0x00CC, 0x2580,
 223:Middlewares/Third_Party/FatFs/src/option/ccsbcs.c **** 	0x00D3, 0x00DF, 0x00D4, 0x00D2, 0x00F5, 0x00D5, 0x00B5, 0x00FE,
 224:Middlewares/Third_Party/FatFs/src/option/ccsbcs.c **** 	0x00DE, 0x00DA, 0x00DB, 0x00D9, 0x00FD, 0x00DD, 0x00AF, 0x00B4,
 225:Middlewares/Third_Party/FatFs/src/option/ccsbcs.c **** 	0x00AD, 0x00B1, 0x2017, 0x00BE, 0x00B6, 0x00A7, 0x00F7, 0x00B8,
 226:Middlewares/Third_Party/FatFs/src/option/ccsbcs.c **** 	0x00B0, 0x00A8, 0x00B7, 0x00B9, 0x00B3, 0x00B2, 0x25A0, 0x00A0
 227:Middlewares/Third_Party/FatFs/src/option/ccsbcs.c **** };
 228:Middlewares/Third_Party/FatFs/src/option/ccsbcs.c **** 
 229:Middlewares/Third_Party/FatFs/src/option/ccsbcs.c **** #elif _CODE_PAGE == 862
 230:Middlewares/Third_Party/FatFs/src/option/ccsbcs.c **** #define _TBLDEF 1
 231:Middlewares/Third_Party/FatFs/src/option/ccsbcs.c **** static
 232:Middlewares/Third_Party/FatFs/src/option/ccsbcs.c **** const WCHAR Tbl[] = {	/*  CP862(0x80-0xFF) to Unicode conversion table */
 233:Middlewares/Third_Party/FatFs/src/option/ccsbcs.c **** 	0x05D0, 0x05D1, 0x05D2, 0x05D3, 0x05D4, 0x05D5, 0x05D6, 0x05D7,
 234:Middlewares/Third_Party/FatFs/src/option/ccsbcs.c **** 	0x05D8, 0x05D9, 0x05DA, 0x05DB, 0x05DC, 0x05DD, 0x05DE, 0x05DF,
 235:Middlewares/Third_Party/FatFs/src/option/ccsbcs.c **** 	0x05E0, 0x05E1, 0x05E2, 0x05E3, 0x05E4, 0x05E5, 0x05E6, 0x05E7,
 236:Middlewares/Third_Party/FatFs/src/option/ccsbcs.c **** 	0x05E8, 0x05E9, 0x05EA, 0x00A2, 0x00A3, 0x00A5, 0x20A7, 0x0192,
 237:Middlewares/Third_Party/FatFs/src/option/ccsbcs.c **** 	0x00E1, 0x00ED, 0x00F3, 0x00FA, 0x00F1, 0x00D1, 0x00AA, 0x00BA,
 238:Middlewares/Third_Party/FatFs/src/option/ccsbcs.c **** 	0x00BF, 0x2310, 0x00AC, 0x00BD, 0x00BC, 0x00A1, 0x00AB, 0x00BB,
 239:Middlewares/Third_Party/FatFs/src/option/ccsbcs.c **** 	0x2591, 0x2592, 0x2593, 0x2502, 0x2524, 0x2561, 0x2562, 0x2556,
 240:Middlewares/Third_Party/FatFs/src/option/ccsbcs.c **** 	0x2555, 0x2563, 0x2551, 0x2557, 0x255D, 0x255C, 0x255B, 0x2510,
 241:Middlewares/Third_Party/FatFs/src/option/ccsbcs.c **** 	0x2514, 0x2534, 0x252C, 0x251C, 0x2500, 0x253C, 0x255E, 0x255F,
 242:Middlewares/Third_Party/FatFs/src/option/ccsbcs.c **** 	0x255A, 0x2554, 0x2569, 0x2566, 0x2560, 0x2550, 0x256C, 0x2567,
 243:Middlewares/Third_Party/FatFs/src/option/ccsbcs.c **** 	0x2568, 0x2564, 0x2565, 0x2559, 0x2558, 0x2552, 0x2553, 0x256B,
 244:Middlewares/Third_Party/FatFs/src/option/ccsbcs.c **** 	0x256A, 0x2518, 0x250C, 0x2588, 0x2584, 0x258C, 0x2590, 0x2580,
 245:Middlewares/Third_Party/FatFs/src/option/ccsbcs.c **** 	0x03B1, 0x00DF, 0x0393, 0x03C0, 0x03A3, 0x03C3, 0x00B5, 0x03C4,
 246:Middlewares/Third_Party/FatFs/src/option/ccsbcs.c **** 	0x03A6, 0x0398, 0x03A9, 0x03B4, 0x221E, 0x03C6, 0x03B5, 0x2229,
 247:Middlewares/Third_Party/FatFs/src/option/ccsbcs.c **** 	0x2261, 0x00B1, 0x2265, 0x2264, 0x2320, 0x2321, 0x00F7, 0x2248,
 248:Middlewares/Third_Party/FatFs/src/option/ccsbcs.c **** 	0x00B0, 0x2219, 0x00B7, 0x221A, 0x207F, 0x00B2, 0x25A0, 0x00A0
 249:Middlewares/Third_Party/FatFs/src/option/ccsbcs.c **** };
 250:Middlewares/Third_Party/FatFs/src/option/ccsbcs.c **** 
 251:Middlewares/Third_Party/FatFs/src/option/ccsbcs.c **** #elif _CODE_PAGE == 866
 252:Middlewares/Third_Party/FatFs/src/option/ccsbcs.c **** #define _TBLDEF 1
 253:Middlewares/Third_Party/FatFs/src/option/ccsbcs.c **** static
 254:Middlewares/Third_Party/FatFs/src/option/ccsbcs.c **** const WCHAR Tbl[] = {	/*  CP866(0x80-0xFF) to Unicode conversion table */
 255:Middlewares/Third_Party/FatFs/src/option/ccsbcs.c **** 	0x0410, 0x0411, 0x0412, 0x0413, 0x0414, 0x0415, 0x0416, 0x0417,
 256:Middlewares/Third_Party/FatFs/src/option/ccsbcs.c **** 	0x0418, 0x0419, 0x041A, 0x041B, 0x041C, 0x041D, 0x041E, 0x041F,
 257:Middlewares/Third_Party/FatFs/src/option/ccsbcs.c **** 	0x0420, 0x0421, 0x0422, 0x0423, 0x0424, 0x0425, 0x0426, 0x0427,
ARM GAS  C:\Users\Akira\AppData\Local\Temp\ccq8If9k.s 			page 6


 258:Middlewares/Third_Party/FatFs/src/option/ccsbcs.c **** 	0x0428, 0x0429, 0x042A, 0x042B, 0x042C, 0x042D, 0x042E, 0x042F,
 259:Middlewares/Third_Party/FatFs/src/option/ccsbcs.c **** 	0x0430, 0x0431, 0x0432, 0x0433, 0x0434, 0x0435, 0x0436, 0x0437,
 260:Middlewares/Third_Party/FatFs/src/option/ccsbcs.c **** 	0x0438, 0x0439, 0x043A, 0x043B, 0x043C, 0x043D, 0x043E, 0x043F,
 261:Middlewares/Third_Party/FatFs/src/option/ccsbcs.c **** 	0x2591, 0x2592, 0x2593, 0x2502, 0x2524, 0x2561, 0x2562, 0x2556,
 262:Middlewares/Third_Party/FatFs/src/option/ccsbcs.c **** 	0x2555, 0x2563, 0x2551, 0x2557, 0x255D, 0x255C, 0x255B, 0x2510,
 263:Middlewares/Third_Party/FatFs/src/option/ccsbcs.c **** 	0x2514, 0x2534, 0x252C, 0x251C, 0x2500, 0x253C, 0x255E, 0x255F,
 264:Middlewares/Third_Party/FatFs/src/option/ccsbcs.c **** 	0x255A, 0x2554, 0x2569, 0x2566, 0x2560, 0x2550, 0x256C, 0x2567,
 265:Middlewares/Third_Party/FatFs/src/option/ccsbcs.c **** 	0x2568, 0x2564, 0x2565, 0x2559, 0x2558, 0x2552, 0x2553, 0x256B,
 266:Middlewares/Third_Party/FatFs/src/option/ccsbcs.c **** 	0x256A, 0x2518, 0x250C, 0x2588, 0x2584, 0x258C, 0x2590, 0x2580,
 267:Middlewares/Third_Party/FatFs/src/option/ccsbcs.c **** 	0x0440, 0x0441, 0x0442, 0x0443, 0x0444, 0x0445, 0x0446, 0x0447,
 268:Middlewares/Third_Party/FatFs/src/option/ccsbcs.c **** 	0x0448, 0x0449, 0x044A, 0x044B, 0x044C, 0x044D, 0x044E, 0x044F,
 269:Middlewares/Third_Party/FatFs/src/option/ccsbcs.c **** 	0x0401, 0x0451, 0x0404, 0x0454, 0x0407, 0x0457, 0x040E, 0x045E,
 270:Middlewares/Third_Party/FatFs/src/option/ccsbcs.c **** 	0x00B0, 0x2219, 0x00B7, 0x221A, 0x2116, 0x00A4, 0x25A0, 0x00A0
 271:Middlewares/Third_Party/FatFs/src/option/ccsbcs.c **** };
 272:Middlewares/Third_Party/FatFs/src/option/ccsbcs.c **** 
 273:Middlewares/Third_Party/FatFs/src/option/ccsbcs.c **** #elif _CODE_PAGE == 874
 274:Middlewares/Third_Party/FatFs/src/option/ccsbcs.c **** #define _TBLDEF 1
 275:Middlewares/Third_Party/FatFs/src/option/ccsbcs.c **** static
 276:Middlewares/Third_Party/FatFs/src/option/ccsbcs.c **** const WCHAR Tbl[] = {	/*  CP874(0x80-0xFF) to Unicode conversion table */
 277:Middlewares/Third_Party/FatFs/src/option/ccsbcs.c **** 	0x20AC, 0x0000, 0x0000, 0x0000, 0x0000, 0x2026, 0x0000, 0x0000,
 278:Middlewares/Third_Party/FatFs/src/option/ccsbcs.c **** 	0x0000, 0x0000, 0x0000, 0x0000, 0x0000, 0x0000, 0x0000, 0x0000,
 279:Middlewares/Third_Party/FatFs/src/option/ccsbcs.c **** 	0x0000, 0x2018, 0x2019, 0x201C, 0x201D, 0x2022, 0x2013, 0x2014,
 280:Middlewares/Third_Party/FatFs/src/option/ccsbcs.c **** 	0x0000, 0x0000, 0x0000, 0x0000, 0x0000, 0x0000, 0x0000, 0x0000,
 281:Middlewares/Third_Party/FatFs/src/option/ccsbcs.c **** 	0x00A0, 0x0E01, 0x0E02, 0x0E03, 0x0E04, 0x0E05, 0x0E06, 0x0E07,
 282:Middlewares/Third_Party/FatFs/src/option/ccsbcs.c **** 	0x0E08, 0x0E09, 0x0E0A, 0x0E0B, 0x0E0C, 0x0E0D, 0x0E0E, 0x0E0F,
 283:Middlewares/Third_Party/FatFs/src/option/ccsbcs.c **** 	0x0E10, 0x0E11, 0x0E12, 0x0E13, 0x0E14, 0x0E15, 0x0E16, 0x0E17,
 284:Middlewares/Third_Party/FatFs/src/option/ccsbcs.c **** 	0x0E18, 0x0E19, 0x0E1A, 0x0E1B, 0x0E1C, 0x0E1D, 0x0E1E, 0x0E1F,
 285:Middlewares/Third_Party/FatFs/src/option/ccsbcs.c **** 	0x0E20, 0x0E21, 0x0E22, 0x0E23, 0x0E24, 0x0E25, 0x0E26, 0x0E27,
 286:Middlewares/Third_Party/FatFs/src/option/ccsbcs.c **** 	0x0E28, 0x0E29, 0x0E2A, 0x0E2B, 0x0E2C, 0x0E2D, 0x0E2E, 0x0E2F,
 287:Middlewares/Third_Party/FatFs/src/option/ccsbcs.c **** 	0x0E30, 0x0E31, 0x0E32, 0x0E33, 0x0E34, 0x0E35, 0x0E36, 0x0E37,
 288:Middlewares/Third_Party/FatFs/src/option/ccsbcs.c **** 	0x0E38, 0x0E39, 0x0E3A, 0x0000, 0x0000, 0x0000, 0x0000, 0x0E3F,
 289:Middlewares/Third_Party/FatFs/src/option/ccsbcs.c **** 	0x0E40, 0x0E41, 0x0E42, 0x0E43, 0x0E44, 0x0E45, 0x0E46, 0x0E47,
 290:Middlewares/Third_Party/FatFs/src/option/ccsbcs.c **** 	0x0E48, 0x0E49, 0x0E4A, 0x0E4B, 0x0E4C, 0x0E4D, 0x0E4E, 0x0E4F,
 291:Middlewares/Third_Party/FatFs/src/option/ccsbcs.c **** 	0x0E50, 0x0E51, 0x0E52, 0x0E53, 0x0E54, 0x0E55, 0x0E56, 0x0E57,
 292:Middlewares/Third_Party/FatFs/src/option/ccsbcs.c **** 	0x0E58, 0x0E59, 0x0E5A, 0x0E5B, 0x0000, 0x0000, 0x0000, 0x0000
 293:Middlewares/Third_Party/FatFs/src/option/ccsbcs.c **** };
 294:Middlewares/Third_Party/FatFs/src/option/ccsbcs.c **** 
 295:Middlewares/Third_Party/FatFs/src/option/ccsbcs.c **** #elif _CODE_PAGE == 1250
 296:Middlewares/Third_Party/FatFs/src/option/ccsbcs.c **** #define _TBLDEF 1
 297:Middlewares/Third_Party/FatFs/src/option/ccsbcs.c **** static
 298:Middlewares/Third_Party/FatFs/src/option/ccsbcs.c **** const WCHAR Tbl[] = {	/*  CP1250(0x80-0xFF) to Unicode conversion table */
 299:Middlewares/Third_Party/FatFs/src/option/ccsbcs.c **** 	0x20AC, 0x0000, 0x201A, 0x0000, 0x201E, 0x2026, 0x2020, 0x2021,
 300:Middlewares/Third_Party/FatFs/src/option/ccsbcs.c **** 	0x0000, 0x2030, 0x0160, 0x2039, 0x015A, 0x0164, 0x017D, 0x0179,
 301:Middlewares/Third_Party/FatFs/src/option/ccsbcs.c **** 	0x0000, 0x2018, 0x2019, 0x201C, 0x201D, 0x2022, 0x2013, 0x2014,
 302:Middlewares/Third_Party/FatFs/src/option/ccsbcs.c **** 	0x0000, 0x2122, 0x0161, 0x203A, 0x015B, 0x0165, 0x017E, 0x017A,
 303:Middlewares/Third_Party/FatFs/src/option/ccsbcs.c **** 	0x00A0, 0x02C7, 0x02D8, 0x0141, 0x00A4, 0x0104, 0x00A6, 0x00A7,
 304:Middlewares/Third_Party/FatFs/src/option/ccsbcs.c **** 	0x00A8, 0x00A9, 0x015E, 0x00AB, 0x00AC, 0x00AD, 0x00AE, 0x017B,
 305:Middlewares/Third_Party/FatFs/src/option/ccsbcs.c **** 	0x00B0, 0x00B1, 0x02DB, 0x0142, 0x00B4, 0x00B5, 0x00B6, 0x00B7,
 306:Middlewares/Third_Party/FatFs/src/option/ccsbcs.c **** 	0x00B8, 0x0105, 0x015F, 0x00BB, 0x013D, 0x02DD, 0x013E, 0x017C,
 307:Middlewares/Third_Party/FatFs/src/option/ccsbcs.c **** 	0x0154, 0x00C1, 0x00C2, 0x0102, 0x00C4, 0x0139, 0x0106, 0x00C7,
 308:Middlewares/Third_Party/FatFs/src/option/ccsbcs.c **** 	0x010C, 0x00C9, 0x0118, 0x00CB, 0x011A, 0x00CD, 0x00CE, 0x010E,
 309:Middlewares/Third_Party/FatFs/src/option/ccsbcs.c **** 	0x0110, 0x0143, 0x0147, 0x00D3, 0x00D4, 0x0150, 0x00D6, 0x00D7,
 310:Middlewares/Third_Party/FatFs/src/option/ccsbcs.c **** 	0x0158, 0x016E, 0x00DA, 0x0170, 0x00DC, 0x00DD, 0x0162, 0x00DF,
 311:Middlewares/Third_Party/FatFs/src/option/ccsbcs.c **** 	0x0155, 0x00E1, 0x00E2, 0x0103, 0x00E4, 0x013A, 0x0107, 0x00E7,
 312:Middlewares/Third_Party/FatFs/src/option/ccsbcs.c **** 	0x010D, 0x00E9, 0x0119, 0x00EB, 0x011B, 0x00ED, 0x00EE, 0x010F,
 313:Middlewares/Third_Party/FatFs/src/option/ccsbcs.c **** 	0x0111, 0x0144, 0x0148, 0x00F3, 0x00F4, 0x0151, 0x00F6, 0x00F7,
 314:Middlewares/Third_Party/FatFs/src/option/ccsbcs.c **** 	0x0159, 0x016F, 0x00FA, 0x0171, 0x00FC, 0x00FD, 0x0163, 0x02D9
ARM GAS  C:\Users\Akira\AppData\Local\Temp\ccq8If9k.s 			page 7


 315:Middlewares/Third_Party/FatFs/src/option/ccsbcs.c **** };
 316:Middlewares/Third_Party/FatFs/src/option/ccsbcs.c **** 
 317:Middlewares/Third_Party/FatFs/src/option/ccsbcs.c **** #elif _CODE_PAGE == 1251
 318:Middlewares/Third_Party/FatFs/src/option/ccsbcs.c **** #define _TBLDEF 1
 319:Middlewares/Third_Party/FatFs/src/option/ccsbcs.c **** static
 320:Middlewares/Third_Party/FatFs/src/option/ccsbcs.c **** const WCHAR Tbl[] = {	/*  CP1251(0x80-0xFF) to Unicode conversion table */
 321:Middlewares/Third_Party/FatFs/src/option/ccsbcs.c **** 	0x0402, 0x0403, 0x201A, 0x0453, 0x201E, 0x2026, 0x2020, 0x2021,
 322:Middlewares/Third_Party/FatFs/src/option/ccsbcs.c **** 	0x20AC, 0x2030, 0x0409, 0x2039, 0x040A, 0x040C, 0x040B, 0x040F,
 323:Middlewares/Third_Party/FatFs/src/option/ccsbcs.c **** 	0x0452, 0x2018, 0x2019, 0x201C, 0x201D, 0x2022, 0x2013, 0x2014,
 324:Middlewares/Third_Party/FatFs/src/option/ccsbcs.c **** 	0x0000, 0x2111, 0x0459, 0x203A, 0x045A, 0x045C, 0x045B, 0x045F,
 325:Middlewares/Third_Party/FatFs/src/option/ccsbcs.c **** 	0x00A0, 0x040E, 0x045E, 0x0408, 0x00A4, 0x0490, 0x00A6, 0x00A7,
 326:Middlewares/Third_Party/FatFs/src/option/ccsbcs.c **** 	0x0401, 0x00A9, 0x0404, 0x00AB, 0x00AC, 0x00AD, 0x00AE, 0x0407,
 327:Middlewares/Third_Party/FatFs/src/option/ccsbcs.c **** 	0x00B0, 0x00B1, 0x0406, 0x0456, 0x0491, 0x00B5, 0x00B6, 0x00B7,
 328:Middlewares/Third_Party/FatFs/src/option/ccsbcs.c **** 	0x0451, 0x2116, 0x0454, 0x00BB, 0x0458, 0x0405, 0x0455, 0x0457,
 329:Middlewares/Third_Party/FatFs/src/option/ccsbcs.c **** 	0x0410, 0x0411, 0x0412, 0x0413, 0x0414, 0x0415, 0x0416, 0x0417,
 330:Middlewares/Third_Party/FatFs/src/option/ccsbcs.c **** 	0x0418, 0x0419, 0x041A, 0x041B, 0x041C, 0x041D, 0x041E, 0x041F,
 331:Middlewares/Third_Party/FatFs/src/option/ccsbcs.c **** 	0x0420, 0x0421, 0x0422, 0x0423, 0x0424, 0x0425, 0x0426, 0x0427,
 332:Middlewares/Third_Party/FatFs/src/option/ccsbcs.c **** 	0x0428, 0x0429, 0x042A, 0x042B, 0x042C, 0x042D, 0x042E, 0x042F,
 333:Middlewares/Third_Party/FatFs/src/option/ccsbcs.c **** 	0x0430, 0x0431, 0x0432, 0x0433, 0x0434, 0x0435, 0x0436, 0x0437,
 334:Middlewares/Third_Party/FatFs/src/option/ccsbcs.c **** 	0x0438, 0x0439, 0x043A, 0x043B, 0x043C, 0x043D, 0x043E, 0x043F,
 335:Middlewares/Third_Party/FatFs/src/option/ccsbcs.c **** 	0x0440, 0x0441, 0x0442, 0x0443, 0x0444, 0x0445, 0x0446, 0x0447,
 336:Middlewares/Third_Party/FatFs/src/option/ccsbcs.c **** 	0x0448, 0x0449, 0x044A, 0x044B, 0x044C, 0x044D, 0x044E, 0x044F
 337:Middlewares/Third_Party/FatFs/src/option/ccsbcs.c **** };
 338:Middlewares/Third_Party/FatFs/src/option/ccsbcs.c **** 
 339:Middlewares/Third_Party/FatFs/src/option/ccsbcs.c **** #elif _CODE_PAGE == 1252
 340:Middlewares/Third_Party/FatFs/src/option/ccsbcs.c **** #define _TBLDEF 1
 341:Middlewares/Third_Party/FatFs/src/option/ccsbcs.c **** static
 342:Middlewares/Third_Party/FatFs/src/option/ccsbcs.c **** const WCHAR Tbl[] = {	/*  CP1252(0x80-0xFF) to Unicode conversion table */
 343:Middlewares/Third_Party/FatFs/src/option/ccsbcs.c **** 	0x20AC, 0x0000, 0x201A, 0x0192, 0x201E, 0x2026, 0x2020, 0x2021,
 344:Middlewares/Third_Party/FatFs/src/option/ccsbcs.c **** 	0x02C6, 0x2030, 0x0160, 0x2039, 0x0152, 0x0000, 0x017D, 0x0000,
 345:Middlewares/Third_Party/FatFs/src/option/ccsbcs.c **** 	0x0000, 0x2018, 0x2019, 0x201C, 0x201D, 0x2022, 0x2013, 0x2014,
 346:Middlewares/Third_Party/FatFs/src/option/ccsbcs.c **** 	0x02DC, 0x2122, 0x0161, 0x203A, 0x0153, 0x0000, 0x017E, 0x0178,
 347:Middlewares/Third_Party/FatFs/src/option/ccsbcs.c **** 	0x00A0, 0x00A1, 0x00A2, 0x00A3, 0x00A4, 0x00A5, 0x00A6, 0x00A7,
 348:Middlewares/Third_Party/FatFs/src/option/ccsbcs.c **** 	0x00A8, 0x00A9, 0x00AA, 0x00AB, 0x00AC, 0x00AD, 0x00AE, 0x00AF,
 349:Middlewares/Third_Party/FatFs/src/option/ccsbcs.c **** 	0x00B0, 0x00B1, 0x00B2, 0x00B3, 0x00B4, 0x00B5, 0x00B6, 0x00B7,
 350:Middlewares/Third_Party/FatFs/src/option/ccsbcs.c **** 	0x00B8, 0x00B9, 0x00BA, 0x00BB, 0x00BC, 0x00BD, 0x00BE, 0x00BF,
 351:Middlewares/Third_Party/FatFs/src/option/ccsbcs.c **** 	0x00C0, 0x00C1, 0x00C2, 0x00C3, 0x00C4, 0x00C5, 0x00C6, 0x00C7,
 352:Middlewares/Third_Party/FatFs/src/option/ccsbcs.c **** 	0x00C8, 0x00C9, 0x00CA, 0x00CB, 0x00CC, 0x00CD, 0x00CE, 0x00CF,
 353:Middlewares/Third_Party/FatFs/src/option/ccsbcs.c **** 	0x00D0, 0x00D1, 0x00D2, 0x00D3, 0x00D4, 0x00D5, 0x00D6, 0x00D7,
 354:Middlewares/Third_Party/FatFs/src/option/ccsbcs.c **** 	0x00D8, 0x00D9, 0x00DA, 0x00DB, 0x00DC, 0x00DD, 0x00DE, 0x00DF,
 355:Middlewares/Third_Party/FatFs/src/option/ccsbcs.c **** 	0x00E0, 0x00E1, 0x00E2, 0x00E3, 0x00E4, 0x00E5, 0x00E6, 0x00E7,
 356:Middlewares/Third_Party/FatFs/src/option/ccsbcs.c **** 	0x00E8, 0x00E9, 0x00EA, 0x00EB, 0x00EC, 0x00ED, 0x00EE, 0x00EF,
 357:Middlewares/Third_Party/FatFs/src/option/ccsbcs.c **** 	0x00F0, 0x00F1, 0x00F2, 0x00F3, 0x00F4, 0x00F5, 0x00F6, 0x00F7,
 358:Middlewares/Third_Party/FatFs/src/option/ccsbcs.c **** 	0x00F8, 0x00F9, 0x00FA, 0x00FB, 0x00FC, 0x00FD, 0x00FE, 0x00FF
 359:Middlewares/Third_Party/FatFs/src/option/ccsbcs.c **** };
 360:Middlewares/Third_Party/FatFs/src/option/ccsbcs.c **** 
 361:Middlewares/Third_Party/FatFs/src/option/ccsbcs.c **** #elif _CODE_PAGE == 1253
 362:Middlewares/Third_Party/FatFs/src/option/ccsbcs.c **** #define _TBLDEF 1
 363:Middlewares/Third_Party/FatFs/src/option/ccsbcs.c **** static
 364:Middlewares/Third_Party/FatFs/src/option/ccsbcs.c **** const WCHAR Tbl[] = {	/*  CP1253(0x80-0xFF) to Unicode conversion table */
 365:Middlewares/Third_Party/FatFs/src/option/ccsbcs.c **** 	0x20AC, 0x0000, 0x201A, 0x0192, 0x201E, 0x2026, 0x2020, 0x2021,
 366:Middlewares/Third_Party/FatFs/src/option/ccsbcs.c **** 	0x0000, 0x2030, 0x0000, 0x2039, 0x000C, 0x0000, 0x0000, 0x0000,
 367:Middlewares/Third_Party/FatFs/src/option/ccsbcs.c **** 	0x0000, 0x2018, 0x2019, 0x201C, 0x201D, 0x2022, 0x2013, 0x2014,
 368:Middlewares/Third_Party/FatFs/src/option/ccsbcs.c **** 	0x0000, 0x2122, 0x0000, 0x203A, 0x0000, 0x0000, 0x0000, 0x0000,
 369:Middlewares/Third_Party/FatFs/src/option/ccsbcs.c **** 	0x00A0, 0x0385, 0x0386, 0x00A3, 0x00A4, 0x00A5, 0x00A6, 0x00A7,
 370:Middlewares/Third_Party/FatFs/src/option/ccsbcs.c **** 	0x00A8, 0x00A9, 0x0000, 0x00AB, 0x00AC, 0x00AD, 0x00AE, 0x2015,
 371:Middlewares/Third_Party/FatFs/src/option/ccsbcs.c **** 	0x00B0, 0x00B1, 0x00B2, 0x00B3, 0x0384, 0x00B5, 0x00B6, 0x00B7,
ARM GAS  C:\Users\Akira\AppData\Local\Temp\ccq8If9k.s 			page 8


 372:Middlewares/Third_Party/FatFs/src/option/ccsbcs.c **** 	0x0388, 0x0389, 0x038A, 0x00BB, 0x038C, 0x00BD, 0x038E, 0x038F,
 373:Middlewares/Third_Party/FatFs/src/option/ccsbcs.c **** 	0x0390, 0x0391, 0x0392, 0x0393, 0x0394, 0x0395, 0x0396, 0x0397,
 374:Middlewares/Third_Party/FatFs/src/option/ccsbcs.c **** 	0x0398, 0x0399, 0x039A, 0x039B, 0x039C, 0x039D, 0x039E, 0x039F,
 375:Middlewares/Third_Party/FatFs/src/option/ccsbcs.c **** 	0x03A0, 0x03A1, 0x0000, 0x03A3, 0x03A4, 0x03A5, 0x03A6, 0x03A7,
 376:Middlewares/Third_Party/FatFs/src/option/ccsbcs.c **** 	0x03A8, 0x03A9, 0x03AA, 0x03AD, 0x03AC, 0x03AD, 0x03AE, 0x03AF,
 377:Middlewares/Third_Party/FatFs/src/option/ccsbcs.c **** 	0x03B0, 0x03B1, 0x03B2, 0x03B3, 0x03B4, 0x03B5, 0x03B6, 0x03B7,
 378:Middlewares/Third_Party/FatFs/src/option/ccsbcs.c **** 	0x03B8, 0x03B9, 0x03BA, 0x03BB, 0x03BC, 0x03BD, 0x03BE, 0x03BF,
 379:Middlewares/Third_Party/FatFs/src/option/ccsbcs.c **** 	0x03C0, 0x03C1, 0x03C2, 0x03C3, 0x03C4, 0x03C5, 0x03C6, 0x03C7,
 380:Middlewares/Third_Party/FatFs/src/option/ccsbcs.c **** 	0x03C8, 0x03C9, 0x03CA, 0x03CB, 0x03CC, 0x03CD, 0x03CE, 0x0000
 381:Middlewares/Third_Party/FatFs/src/option/ccsbcs.c **** };
 382:Middlewares/Third_Party/FatFs/src/option/ccsbcs.c **** 
 383:Middlewares/Third_Party/FatFs/src/option/ccsbcs.c **** #elif _CODE_PAGE == 1254
 384:Middlewares/Third_Party/FatFs/src/option/ccsbcs.c **** #define _TBLDEF 1
 385:Middlewares/Third_Party/FatFs/src/option/ccsbcs.c **** static
 386:Middlewares/Third_Party/FatFs/src/option/ccsbcs.c **** const WCHAR Tbl[] = {	/*  CP1254(0x80-0xFF) to Unicode conversion table */
 387:Middlewares/Third_Party/FatFs/src/option/ccsbcs.c **** 	0x20AC, 0x0000, 0x210A, 0x0192, 0x201E, 0x2026, 0x2020, 0x2021,
 388:Middlewares/Third_Party/FatFs/src/option/ccsbcs.c **** 	0x02C6, 0x2030, 0x0160, 0x2039, 0x0152, 0x0000, 0x0000, 0x0000,
 389:Middlewares/Third_Party/FatFs/src/option/ccsbcs.c **** 	0x0000, 0x2018, 0x2019, 0x201C, 0x201D, 0x2022, 0x2013, 0x2014,
 390:Middlewares/Third_Party/FatFs/src/option/ccsbcs.c **** 	0x02DC, 0x2122, 0x0161, 0x203A, 0x0153, 0x0000, 0x0000, 0x0178,
 391:Middlewares/Third_Party/FatFs/src/option/ccsbcs.c **** 	0x00A0, 0x00A1, 0x00A2, 0x00A3, 0x00A4, 0x00A5, 0x00A6, 0x00A7,
 392:Middlewares/Third_Party/FatFs/src/option/ccsbcs.c **** 	0x00A8, 0x00A9, 0x00AA, 0x00AB, 0x00AC, 0x00AD, 0x00AE, 0x00AF,
 393:Middlewares/Third_Party/FatFs/src/option/ccsbcs.c **** 	0x00B0, 0x00B1, 0x00B2, 0x00B3, 0x00B4, 0x00B5, 0x00B6, 0x00B7,
 394:Middlewares/Third_Party/FatFs/src/option/ccsbcs.c **** 	0x00B8, 0x00B9, 0x00BA, 0x00BB, 0x00BC, 0x00BD, 0x00BE, 0x00BF,
 395:Middlewares/Third_Party/FatFs/src/option/ccsbcs.c **** 	0x00C0, 0x00C1, 0x00C2, 0x00C3, 0x00C4, 0x00C5, 0x00C6, 0x00C7,
 396:Middlewares/Third_Party/FatFs/src/option/ccsbcs.c **** 	0x00C8, 0x00C9, 0x00CA, 0x00CB, 0x00CC, 0x00CD, 0x00CE, 0x00CF,
 397:Middlewares/Third_Party/FatFs/src/option/ccsbcs.c **** 	0x011E, 0x00D1, 0x00D2, 0x00D3, 0x00D4, 0x00D5, 0x00D6, 0x00D7,
 398:Middlewares/Third_Party/FatFs/src/option/ccsbcs.c **** 	0x00D8, 0x00D9, 0x00DA, 0x00BD, 0x00DC, 0x0130, 0x015E, 0x00DF,
 399:Middlewares/Third_Party/FatFs/src/option/ccsbcs.c **** 	0x00E0, 0x00E1, 0x00E2, 0x00E3, 0x00E4, 0x00E5, 0x00E6, 0x00E7,
 400:Middlewares/Third_Party/FatFs/src/option/ccsbcs.c **** 	0x00E8, 0x00E9, 0x00EA, 0x00EB, 0x00EC, 0x00ED, 0x00EE, 0x00EF,
 401:Middlewares/Third_Party/FatFs/src/option/ccsbcs.c **** 	0x011F, 0x00F1, 0x00F2, 0x00F3, 0x00F4, 0x00F5, 0x00F6, 0x00F7,
 402:Middlewares/Third_Party/FatFs/src/option/ccsbcs.c **** 	0x00F8, 0x00F9, 0x00FA, 0x00FB, 0x00FC, 0x0131, 0x015F, 0x00FF
 403:Middlewares/Third_Party/FatFs/src/option/ccsbcs.c **** };
 404:Middlewares/Third_Party/FatFs/src/option/ccsbcs.c **** 
 405:Middlewares/Third_Party/FatFs/src/option/ccsbcs.c **** #elif _CODE_PAGE == 1255
 406:Middlewares/Third_Party/FatFs/src/option/ccsbcs.c **** #define _TBLDEF 1
 407:Middlewares/Third_Party/FatFs/src/option/ccsbcs.c **** static
 408:Middlewares/Third_Party/FatFs/src/option/ccsbcs.c **** const WCHAR Tbl[] = {	/*  CP1255(0x80-0xFF) to Unicode conversion table */
 409:Middlewares/Third_Party/FatFs/src/option/ccsbcs.c **** 	0x20AC, 0x0000, 0x201A, 0x0192, 0x201E, 0x2026, 0x2020, 0x2021,
 410:Middlewares/Third_Party/FatFs/src/option/ccsbcs.c **** 	0x02C6, 0x2030, 0x0000, 0x2039, 0x0000, 0x0000, 0x0000, 0x0000,
 411:Middlewares/Third_Party/FatFs/src/option/ccsbcs.c **** 	0x0000, 0x2018, 0x2019, 0x201C, 0x201D, 0x2022, 0x2013, 0x2014,
 412:Middlewares/Third_Party/FatFs/src/option/ccsbcs.c **** 	0x02DC, 0x2122, 0x0000, 0x203A, 0x0000, 0x0000, 0x0000, 0x0000,
 413:Middlewares/Third_Party/FatFs/src/option/ccsbcs.c **** 	0x00A0, 0x00A1, 0x00A2, 0x00A3, 0x00A4, 0x00A5, 0x00A6, 0x00A7,
 414:Middlewares/Third_Party/FatFs/src/option/ccsbcs.c **** 	0x00A8, 0x00A9, 0x00D7, 0x00AB, 0x00AC, 0x00AD, 0x00AE, 0x00AF,
 415:Middlewares/Third_Party/FatFs/src/option/ccsbcs.c **** 	0x00B0, 0x00B1, 0x00B2, 0x00B3, 0x00B4, 0x00B5, 0x00B6, 0x00B7,
 416:Middlewares/Third_Party/FatFs/src/option/ccsbcs.c **** 	0x00B8, 0x00B9, 0x00F7, 0x00BB, 0x00BC, 0x00BD, 0x00BE, 0x00BF,
 417:Middlewares/Third_Party/FatFs/src/option/ccsbcs.c **** 	0x05B0, 0x05B1, 0x05B2, 0x05B3, 0x05B4, 0x05B5, 0x05B6, 0x05B7,
 418:Middlewares/Third_Party/FatFs/src/option/ccsbcs.c **** 	0x05B8, 0x05B9, 0x0000, 0x05BB, 0x05BC, 0x05BD, 0x05BE, 0x05BF,
 419:Middlewares/Third_Party/FatFs/src/option/ccsbcs.c **** 	0x05C0, 0x05C1, 0x05C2, 0x05C3, 0x05F0, 0x05F1, 0x05F2, 0x05F3,
 420:Middlewares/Third_Party/FatFs/src/option/ccsbcs.c **** 	0x05F4, 0x0000, 0x0000, 0x0000, 0x0000, 0x0000, 0x0000, 0x0000,
 421:Middlewares/Third_Party/FatFs/src/option/ccsbcs.c **** 	0x05D0, 0x05D1, 0x05D2, 0x05D3, 0x05D4, 0x05D5, 0x05D6, 0x05D7,
 422:Middlewares/Third_Party/FatFs/src/option/ccsbcs.c **** 	0x05D8, 0x05D9, 0x05DA, 0x05DB, 0x05DC, 0x05DD, 0x05DE, 0x05DF,
 423:Middlewares/Third_Party/FatFs/src/option/ccsbcs.c **** 	0x05E0, 0x05E1, 0x05E2, 0x05E3, 0x05E4, 0x05E5, 0x05E6, 0x05E7,
 424:Middlewares/Third_Party/FatFs/src/option/ccsbcs.c **** 	0x05E8, 0x05E9, 0x05EA, 0x0000, 0x0000, 0x200E, 0x200F, 0x0000
 425:Middlewares/Third_Party/FatFs/src/option/ccsbcs.c **** };
 426:Middlewares/Third_Party/FatFs/src/option/ccsbcs.c **** 
 427:Middlewares/Third_Party/FatFs/src/option/ccsbcs.c **** #elif _CODE_PAGE == 1256
 428:Middlewares/Third_Party/FatFs/src/option/ccsbcs.c **** #define _TBLDEF 1
ARM GAS  C:\Users\Akira\AppData\Local\Temp\ccq8If9k.s 			page 9


 429:Middlewares/Third_Party/FatFs/src/option/ccsbcs.c **** static
 430:Middlewares/Third_Party/FatFs/src/option/ccsbcs.c **** const WCHAR Tbl[] = {	/*  CP1256(0x80-0xFF) to Unicode conversion table */
 431:Middlewares/Third_Party/FatFs/src/option/ccsbcs.c **** 	0x20AC, 0x067E, 0x201A, 0x0192, 0x201E, 0x2026, 0x2020, 0x2021,
 432:Middlewares/Third_Party/FatFs/src/option/ccsbcs.c **** 	0x02C6, 0x2030, 0x0679, 0x2039, 0x0152, 0x0686, 0x0698, 0x0688,
 433:Middlewares/Third_Party/FatFs/src/option/ccsbcs.c **** 	0x06AF, 0x2018, 0x2019, 0x201C, 0x201D, 0x2022, 0x2013, 0x2014,
 434:Middlewares/Third_Party/FatFs/src/option/ccsbcs.c **** 	0x06A9, 0x2122, 0x0691, 0x203A, 0x0153, 0x200C, 0x200D, 0x06BA,
 435:Middlewares/Third_Party/FatFs/src/option/ccsbcs.c **** 	0x00A0, 0x060C, 0x00A2, 0x00A3, 0x00A4, 0x00A5, 0x00A6, 0x00A7,
 436:Middlewares/Third_Party/FatFs/src/option/ccsbcs.c **** 	0x00A8, 0x00A9, 0x06BE, 0x00AB, 0x00AC, 0x00AD, 0x00AE, 0x00AF,
 437:Middlewares/Third_Party/FatFs/src/option/ccsbcs.c **** 	0x00B0, 0x00B1, 0x00B2, 0x00B3, 0x00B4, 0x00B5, 0x00B6, 0x00B7,
 438:Middlewares/Third_Party/FatFs/src/option/ccsbcs.c **** 	0x00B8, 0x00B9, 0x061B, 0x00BB, 0x00BC, 0x00BD, 0x00BE, 0x061F,
 439:Middlewares/Third_Party/FatFs/src/option/ccsbcs.c **** 	0x06C1, 0x0621, 0x0622, 0x0623, 0x0624, 0x0625, 0x0626, 0x0627,
 440:Middlewares/Third_Party/FatFs/src/option/ccsbcs.c **** 	0x0628, 0x0629, 0x062A, 0x062B, 0x062C, 0x062D, 0x062E, 0x062F,
 441:Middlewares/Third_Party/FatFs/src/option/ccsbcs.c **** 	0x0630, 0x0631, 0x0632, 0x0633, 0x0634, 0x0635, 0x0636, 0x00D7,
 442:Middlewares/Third_Party/FatFs/src/option/ccsbcs.c **** 	0x0637, 0x0638, 0x0639, 0x063A, 0x0640, 0x0640, 0x0642, 0x0643,
 443:Middlewares/Third_Party/FatFs/src/option/ccsbcs.c **** 	0x00E0, 0x0644, 0x00E2, 0x0645, 0x0646, 0x0647, 0x0648, 0x00E7,
 444:Middlewares/Third_Party/FatFs/src/option/ccsbcs.c **** 	0x00E8, 0x00E9, 0x00EA, 0x00EB, 0x0649, 0x064A, 0x00EE, 0x00EF,
 445:Middlewares/Third_Party/FatFs/src/option/ccsbcs.c **** 	0x064B, 0x064C, 0x064D, 0x064E, 0x00F4, 0x064F, 0x0650, 0x00F7,
 446:Middlewares/Third_Party/FatFs/src/option/ccsbcs.c **** 	0x0651, 0x00F9, 0x0652, 0x00FB, 0x00FC, 0x200E, 0x200F, 0x06D2
 447:Middlewares/Third_Party/FatFs/src/option/ccsbcs.c **** };
 448:Middlewares/Third_Party/FatFs/src/option/ccsbcs.c **** 
 449:Middlewares/Third_Party/FatFs/src/option/ccsbcs.c **** #elif _CODE_PAGE == 1257
 450:Middlewares/Third_Party/FatFs/src/option/ccsbcs.c **** #define _TBLDEF 1
 451:Middlewares/Third_Party/FatFs/src/option/ccsbcs.c **** static
 452:Middlewares/Third_Party/FatFs/src/option/ccsbcs.c **** const WCHAR Tbl[] = {	/*  CP1257(0x80-0xFF) to Unicode conversion table */
 453:Middlewares/Third_Party/FatFs/src/option/ccsbcs.c **** 	0x20AC, 0x0000, 0x201A, 0x0000, 0x201E, 0x2026, 0x2020, 0x2021,
 454:Middlewares/Third_Party/FatFs/src/option/ccsbcs.c **** 	0x0000, 0x2030, 0x0000, 0x2039, 0x0000, 0x00A8, 0x02C7, 0x00B8,
 455:Middlewares/Third_Party/FatFs/src/option/ccsbcs.c **** 	0x0000, 0x2018, 0x2019, 0x201C, 0x201D, 0x2022, 0x2013, 0x2014,
 456:Middlewares/Third_Party/FatFs/src/option/ccsbcs.c **** 	0x0000, 0x2122, 0x0000, 0x203A, 0x0000, 0x00AF, 0x02DB, 0x0000,
 457:Middlewares/Third_Party/FatFs/src/option/ccsbcs.c **** 	0x00A0, 0x0000, 0x00A2, 0x00A3, 0x00A4, 0x0000, 0x00A6, 0x00A7,
 458:Middlewares/Third_Party/FatFs/src/option/ccsbcs.c **** 	0x00D8, 0x00A9, 0x0156, 0x00AB, 0x00AC, 0x00AD, 0x00AE, 0x00AF,
 459:Middlewares/Third_Party/FatFs/src/option/ccsbcs.c **** 	0x00B0, 0x00B1, 0x00B2, 0x00B3, 0x00B4, 0x00B5, 0x00B6, 0x00B7,
 460:Middlewares/Third_Party/FatFs/src/option/ccsbcs.c **** 	0x00B8, 0x00B9, 0x0157, 0x00BB, 0x00BC, 0x00BD, 0x00BE, 0x00E6,
 461:Middlewares/Third_Party/FatFs/src/option/ccsbcs.c **** 	0x0104, 0x012E, 0x0100, 0x0106, 0x00C4, 0x00C5, 0x0118, 0x0112,
 462:Middlewares/Third_Party/FatFs/src/option/ccsbcs.c **** 	0x010C, 0x00C9, 0x0179, 0x0116, 0x0122, 0x0136, 0x012A, 0x013B,
 463:Middlewares/Third_Party/FatFs/src/option/ccsbcs.c **** 	0x0160, 0x0143, 0x0145, 0x00D3, 0x014C, 0x00D5, 0x00D6, 0x00D7,
 464:Middlewares/Third_Party/FatFs/src/option/ccsbcs.c **** 	0x0172, 0x0141, 0x015A, 0x016A, 0x00DC, 0x017B, 0x017D, 0x00DF,
 465:Middlewares/Third_Party/FatFs/src/option/ccsbcs.c **** 	0x0105, 0x012F, 0x0101, 0x0107, 0x00E4, 0x00E5, 0x0119, 0x0113,
 466:Middlewares/Third_Party/FatFs/src/option/ccsbcs.c **** 	0x010D, 0x00E9, 0x017A, 0x0117, 0x0123, 0x0137, 0x012B, 0x013C,
 467:Middlewares/Third_Party/FatFs/src/option/ccsbcs.c **** 	0x0161, 0x0144, 0x0146, 0x00F3, 0x014D, 0x00F5, 0x00F6, 0x00F7,
 468:Middlewares/Third_Party/FatFs/src/option/ccsbcs.c **** 	0x0173, 0x014E, 0x015B, 0x016B, 0x00FC, 0x017C, 0x017E, 0x02D9
 469:Middlewares/Third_Party/FatFs/src/option/ccsbcs.c **** };
 470:Middlewares/Third_Party/FatFs/src/option/ccsbcs.c **** 
 471:Middlewares/Third_Party/FatFs/src/option/ccsbcs.c **** #elif _CODE_PAGE == 1258
 472:Middlewares/Third_Party/FatFs/src/option/ccsbcs.c **** #define _TBLDEF 1
 473:Middlewares/Third_Party/FatFs/src/option/ccsbcs.c **** static
 474:Middlewares/Third_Party/FatFs/src/option/ccsbcs.c **** const WCHAR Tbl[] = {	/*  CP1258(0x80-0xFF) to Unicode conversion table */
 475:Middlewares/Third_Party/FatFs/src/option/ccsbcs.c **** 	0x20AC, 0x0000, 0x201A, 0x0192, 0x201E, 0x2026, 0x2020, 0x2021,
 476:Middlewares/Third_Party/FatFs/src/option/ccsbcs.c **** 	0x02C6, 0x2030, 0x0000, 0x2039, 0x0152, 0x0000, 0x0000, 0x0000,
 477:Middlewares/Third_Party/FatFs/src/option/ccsbcs.c **** 	0x0000, 0x2018, 0x2019, 0x201C, 0x201D, 0x2022, 0x2013, 0x2014,
 478:Middlewares/Third_Party/FatFs/src/option/ccsbcs.c **** 	0x02DC, 0x2122, 0x0000, 0x203A, 0x0153, 0x0000, 0x0000, 0x0178,
 479:Middlewares/Third_Party/FatFs/src/option/ccsbcs.c **** 	0x00A0, 0x00A1, 0x00A2, 0x00A3, 0x00A4, 0x00A5, 0x00A6, 0x00A7,
 480:Middlewares/Third_Party/FatFs/src/option/ccsbcs.c **** 	0x00A8, 0x00A9, 0x00AA, 0x00AB, 0x00AC, 0x00AD, 0x00AE, 0x00AF,
 481:Middlewares/Third_Party/FatFs/src/option/ccsbcs.c **** 	0x00B0, 0x00B1, 0x00B2, 0x00B3, 0x00B4, 0x00B5, 0x00B6, 0x00B7,
 482:Middlewares/Third_Party/FatFs/src/option/ccsbcs.c **** 	0x00B8, 0x00B9, 0x00BA, 0x00BB, 0x00BC, 0x00BD, 0x00BE, 0x00BF,
 483:Middlewares/Third_Party/FatFs/src/option/ccsbcs.c **** 	0x00C0, 0x00C1, 0x00C2, 0x0102, 0x00C4, 0x00C5, 0x00C6, 0x00C7,
 484:Middlewares/Third_Party/FatFs/src/option/ccsbcs.c **** 	0x00C8, 0x00C9, 0x00CA, 0x00CB, 0x0300, 0x00CD, 0x00CE, 0x00CF,
 485:Middlewares/Third_Party/FatFs/src/option/ccsbcs.c **** 	0x0110, 0x00D1, 0x0309, 0x00D3, 0x00D4, 0x01A0, 0x00D6, 0x00D7,
ARM GAS  C:\Users\Akira\AppData\Local\Temp\ccq8If9k.s 			page 10


 486:Middlewares/Third_Party/FatFs/src/option/ccsbcs.c **** 	0x00D8, 0x00D9, 0x00DA, 0x00DB, 0x00DC, 0x01AF, 0x0303, 0x00DF,
 487:Middlewares/Third_Party/FatFs/src/option/ccsbcs.c **** 	0x00E0, 0x00E1, 0x00E2, 0x0103, 0x00E4, 0x00E5, 0x00E6, 0x00E7,
 488:Middlewares/Third_Party/FatFs/src/option/ccsbcs.c **** 	0x00E8, 0x00E9, 0x00EA, 0x00EB, 0x0301, 0x00ED, 0x00EE, 0x00EF,
 489:Middlewares/Third_Party/FatFs/src/option/ccsbcs.c **** 	0x0111, 0x00F1, 0x0323, 0x00F3, 0x00F4, 0x01A1, 0x00F6, 0x00F7,
 490:Middlewares/Third_Party/FatFs/src/option/ccsbcs.c **** 	0x00F8, 0x00F9, 0x00FA, 0x00FB, 0x00FC, 0x01B0, 0x20AB, 0x00FF
 491:Middlewares/Third_Party/FatFs/src/option/ccsbcs.c **** };
 492:Middlewares/Third_Party/FatFs/src/option/ccsbcs.c **** 
 493:Middlewares/Third_Party/FatFs/src/option/ccsbcs.c **** #endif
 494:Middlewares/Third_Party/FatFs/src/option/ccsbcs.c **** 
 495:Middlewares/Third_Party/FatFs/src/option/ccsbcs.c **** 
 496:Middlewares/Third_Party/FatFs/src/option/ccsbcs.c **** #if !_TBLDEF || !_USE_LFN
 497:Middlewares/Third_Party/FatFs/src/option/ccsbcs.c **** #error This file is not needed in current configuration. Remove from the project.
 498:Middlewares/Third_Party/FatFs/src/option/ccsbcs.c **** #endif
 499:Middlewares/Third_Party/FatFs/src/option/ccsbcs.c **** 
 500:Middlewares/Third_Party/FatFs/src/option/ccsbcs.c **** 
 501:Middlewares/Third_Party/FatFs/src/option/ccsbcs.c **** WCHAR ff_convert (	/* Converted character, Returns zero on error */
 502:Middlewares/Third_Party/FatFs/src/option/ccsbcs.c **** 	WCHAR	chr,	/* Character code to be converted */
 503:Middlewares/Third_Party/FatFs/src/option/ccsbcs.c **** 	UINT	dir		/* 0: Unicode to OEMCP, 1: OEMCP to Unicode */
 504:Middlewares/Third_Party/FatFs/src/option/ccsbcs.c **** )
 505:Middlewares/Third_Party/FatFs/src/option/ccsbcs.c **** {
  30              		.loc 1 505 1 view -0
  31              		.cfi_startproc
  32              		@ args = 0, pretend = 0, frame = 0
  33              		@ frame_needed = 0, uses_anonymous_args = 0
  34              		@ link register save eliminated.
 506:Middlewares/Third_Party/FatFs/src/option/ccsbcs.c **** 	WCHAR c;
  35              		.loc 1 506 2 view .LVU1
 507:Middlewares/Third_Party/FatFs/src/option/ccsbcs.c **** 
 508:Middlewares/Third_Party/FatFs/src/option/ccsbcs.c **** 
 509:Middlewares/Third_Party/FatFs/src/option/ccsbcs.c **** 	if (chr < 0x80) {	/* ASCII */
  36              		.loc 1 509 2 view .LVU2
  37              		.loc 1 509 5 is_stmt 0 view .LVU3
  38 0000 7F28     		cmp	r0, #127
  39 0002 17D9     		bls	.L2
 510:Middlewares/Third_Party/FatFs/src/option/ccsbcs.c **** 		c = chr;
 511:Middlewares/Third_Party/FatFs/src/option/ccsbcs.c **** 
 512:Middlewares/Third_Party/FatFs/src/option/ccsbcs.c **** 	} else {
 513:Middlewares/Third_Party/FatFs/src/option/ccsbcs.c **** 		if (dir) {		/* OEMCP to Unicode */
  40              		.loc 1 513 3 is_stmt 1 view .LVU4
  41              		.loc 1 513 6 is_stmt 0 view .LVU5
  42 0004 31B1     		cbz	r1, .L6
 514:Middlewares/Third_Party/FatFs/src/option/ccsbcs.c **** 			c = (chr >= 0x100) ? 0 : Tbl[chr - 0x80];
  43              		.loc 1 514 4 is_stmt 1 view .LVU6
  44              		.loc 1 514 6 is_stmt 0 view .LVU7
  45 0006 FF28     		cmp	r0, #255
  46 0008 13D8     		bhi	.L7
  47              		.loc 1 514 37 discriminator 1 view .LVU8
  48 000a 8038     		subs	r0, r0, #128
  49              	.LVL1:
  50              		.loc 1 514 6 discriminator 1 view .LVU9
  51 000c 0A4B     		ldr	r3, .L8
  52 000e 33F81000 		ldrh	r0, [r3, r0, lsl #1]
  53 0012 7047     		bx	lr
  54              	.LVL2:
  55              	.L6:
 515:Middlewares/Third_Party/FatFs/src/option/ccsbcs.c **** 
 516:Middlewares/Third_Party/FatFs/src/option/ccsbcs.c **** 		} else {		/* Unicode to OEMCP */
ARM GAS  C:\Users\Akira\AppData\Local\Temp\ccq8If9k.s 			page 11


 517:Middlewares/Third_Party/FatFs/src/option/ccsbcs.c **** 			for (c = 0; c < 0x80; c++) {
  56              		.loc 1 517 11 view .LVU10
  57 0014 0023     		movs	r3, #0
  58              	.L3:
  59              	.LVL3:
  60              		.loc 1 517 16 is_stmt 1 discriminator 1 view .LVU11
  61              		.loc 1 517 4 is_stmt 0 discriminator 1 view .LVU12
  62 0016 7F2B     		cmp	r3, #127
  63 0018 07D8     		bhi	.L4
 518:Middlewares/Third_Party/FatFs/src/option/ccsbcs.c **** 				if (chr == Tbl[c]) break;
  64              		.loc 1 518 5 is_stmt 1 view .LVU13
  65              		.loc 1 518 19 is_stmt 0 view .LVU14
  66 001a 074A     		ldr	r2, .L8
  67 001c 32F81320 		ldrh	r2, [r2, r3, lsl #1]
  68              		.loc 1 518 8 view .LVU15
  69 0020 8242     		cmp	r2, r0
  70 0022 02D0     		beq	.L4
 517:Middlewares/Third_Party/FatFs/src/option/ccsbcs.c **** 				if (chr == Tbl[c]) break;
  71              		.loc 1 517 26 is_stmt 1 discriminator 2 view .LVU16
 517:Middlewares/Third_Party/FatFs/src/option/ccsbcs.c **** 				if (chr == Tbl[c]) break;
  72              		.loc 1 517 27 is_stmt 0 discriminator 2 view .LVU17
  73 0024 0133     		adds	r3, r3, #1
  74              	.LVL4:
 517:Middlewares/Third_Party/FatFs/src/option/ccsbcs.c **** 				if (chr == Tbl[c]) break;
  75              		.loc 1 517 27 discriminator 2 view .LVU18
  76 0026 9BB2     		uxth	r3, r3
  77              	.LVL5:
 517:Middlewares/Third_Party/FatFs/src/option/ccsbcs.c **** 				if (chr == Tbl[c]) break;
  78              		.loc 1 517 27 discriminator 2 view .LVU19
  79 0028 F5E7     		b	.L3
  80              	.L4:
 519:Middlewares/Third_Party/FatFs/src/option/ccsbcs.c **** 			}
 520:Middlewares/Third_Party/FatFs/src/option/ccsbcs.c **** 			c = (c + 0x80) & 0xFF;
  81              		.loc 1 520 4 is_stmt 1 view .LVU20
  82              		.loc 1 520 11 is_stmt 0 view .LVU21
  83 002a 03F18000 		add	r0, r3, #128
  84              	.LVL6:
  85              		.loc 1 520 6 view .LVU22
  86 002e C0B2     		uxtb	r0, r0
  87              	.LVL7:
  88              		.loc 1 520 6 view .LVU23
  89 0030 7047     		bx	lr
  90              	.LVL8:
  91              	.L7:
 514:Middlewares/Third_Party/FatFs/src/option/ccsbcs.c **** 
  92              		.loc 1 514 6 view .LVU24
  93 0032 0020     		movs	r0, #0
  94              	.LVL9:
  95              	.L2:
 521:Middlewares/Third_Party/FatFs/src/option/ccsbcs.c **** 		}
 522:Middlewares/Third_Party/FatFs/src/option/ccsbcs.c **** 	}
 523:Middlewares/Third_Party/FatFs/src/option/ccsbcs.c **** 
 524:Middlewares/Third_Party/FatFs/src/option/ccsbcs.c **** 	return c;
  96              		.loc 1 524 2 is_stmt 1 view .LVU25
 525:Middlewares/Third_Party/FatFs/src/option/ccsbcs.c **** }
  97              		.loc 1 525 1 is_stmt 0 view .LVU26
  98 0034 7047     		bx	lr
ARM GAS  C:\Users\Akira\AppData\Local\Temp\ccq8If9k.s 			page 12


  99              	.L9:
 100 0036 00BF     		.align	2
 101              	.L8:
 102 0038 00000000 		.word	.LANCHOR0
 103              		.cfi_endproc
 104              	.LFE123:
 106              		.section	.text.ff_wtoupper,"ax",%progbits
 107              		.align	1
 108              		.global	ff_wtoupper
 109              		.syntax unified
 110              		.thumb
 111              		.thumb_func
 113              	ff_wtoupper:
 114              	.LVL10:
 115              	.LFB124:
 526:Middlewares/Third_Party/FatFs/src/option/ccsbcs.c **** 
 527:Middlewares/Third_Party/FatFs/src/option/ccsbcs.c **** 
 528:Middlewares/Third_Party/FatFs/src/option/ccsbcs.c **** WCHAR ff_wtoupper (	/* Upper converted character */
 529:Middlewares/Third_Party/FatFs/src/option/ccsbcs.c **** 	WCHAR chr		/* Input character */
 530:Middlewares/Third_Party/FatFs/src/option/ccsbcs.c **** )
 531:Middlewares/Third_Party/FatFs/src/option/ccsbcs.c **** {
 116              		.loc 1 531 1 is_stmt 1 view -0
 117              		.cfi_startproc
 118              		@ args = 0, pretend = 0, frame = 0
 119              		@ frame_needed = 0, uses_anonymous_args = 0
 120              		@ link register save eliminated.
 532:Middlewares/Third_Party/FatFs/src/option/ccsbcs.c **** 	static const WCHAR tbl_lower[] = { 0x61, 0x62, 0x63, 0x64, 0x65, 0x66, 0x67, 0x68, 0x69, 0x6A, 0x6
 121              		.loc 1 532 2 view .LVU28
 533:Middlewares/Third_Party/FatFs/src/option/ccsbcs.c **** 	static const WCHAR tbl_upper[] = { 0x41, 0x42, 0x43, 0x44, 0x45, 0x46, 0x47, 0x48, 0x49, 0x4A, 0x4
 122              		.loc 1 533 2 view .LVU29
 534:Middlewares/Third_Party/FatFs/src/option/ccsbcs.c **** 	int i;
 123              		.loc 1 534 2 view .LVU30
 535:Middlewares/Third_Party/FatFs/src/option/ccsbcs.c **** 
 536:Middlewares/Third_Party/FatFs/src/option/ccsbcs.c **** 
 537:Middlewares/Third_Party/FatFs/src/option/ccsbcs.c **** 	for (i = 0; tbl_lower[i] && chr != tbl_lower[i]; i++) ;
 124              		.loc 1 537 2 view .LVU31
 125              		.loc 1 537 9 is_stmt 0 view .LVU32
 126 0000 0022     		movs	r2, #0
 127              		.loc 1 537 2 view .LVU33
 128 0002 00E0     		b	.L11
 129              	.LVL11:
 130              	.L13:
 131              		.loc 1 537 56 is_stmt 1 discriminator 4 view .LVU34
 132              		.loc 1 537 51 discriminator 4 view .LVU35
 133              		.loc 1 537 52 is_stmt 0 discriminator 4 view .LVU36
 134 0004 0132     		adds	r2, r2, #1
 135              	.LVL12:
 136              	.L11:
 137              		.loc 1 537 14 is_stmt 1 discriminator 1 view .LVU37
 138              		.loc 1 537 23 is_stmt 0 discriminator 1 view .LVU38
 139 0006 054B     		ldr	r3, .L15
 140 0008 33F81230 		ldrh	r3, [r3, r2, lsl #1]
 141              		.loc 1 537 2 discriminator 1 view .LVU39
 142 000c 0BB1     		cbz	r3, .L12
 143              		.loc 1 537 27 discriminator 3 view .LVU40
 144 000e 8342     		cmp	r3, r0
 145 0010 F8D1     		bne	.L13
ARM GAS  C:\Users\Akira\AppData\Local\Temp\ccq8If9k.s 			page 13


 146              	.L12:
 538:Middlewares/Third_Party/FatFs/src/option/ccsbcs.c **** 
 539:Middlewares/Third_Party/FatFs/src/option/ccsbcs.c **** 	return tbl_lower[i] ? tbl_upper[i] : chr;
 147              		.loc 1 539 2 is_stmt 1 view .LVU41
 148              		.loc 1 539 37 is_stmt 0 view .LVU42
 149 0012 13B1     		cbz	r3, .L14
 150              		.loc 1 539 37 discriminator 1 view .LVU43
 151 0014 024B     		ldr	r3, .L15+4
 152 0016 33F81200 		ldrh	r0, [r3, r2, lsl #1]
 153              	.LVL13:
 154              	.L14:
 540:Middlewares/Third_Party/FatFs/src/option/ccsbcs.c **** }
 155              		.loc 1 540 1 discriminator 4 view .LVU44
 156 001a 7047     		bx	lr
 157              	.L16:
 158              		.align	2
 159              	.L15:
 160 001c 00000000 		.word	.LANCHOR1
 161 0020 00000000 		.word	.LANCHOR2
 162              		.cfi_endproc
 163              	.LFE124:
 165              		.section	.rodata.Tbl,"a"
 166              		.align	2
 167              		.set	.LANCHOR0,. + 0
 170              	Tbl:
 171 0000 C700     		.short	199
 172 0002 FC00     		.short	252
 173 0004 E900     		.short	233
 174 0006 E200     		.short	226
 175 0008 E400     		.short	228
 176 000a E000     		.short	224
 177 000c E500     		.short	229
 178 000e E700     		.short	231
 179 0010 EA00     		.short	234
 180 0012 EB00     		.short	235
 181 0014 E800     		.short	232
 182 0016 EF00     		.short	239
 183 0018 EE00     		.short	238
 184 001a EC00     		.short	236
 185 001c C400     		.short	196
 186 001e C500     		.short	197
 187 0020 C900     		.short	201
 188 0022 E600     		.short	230
 189 0024 C600     		.short	198
 190 0026 F400     		.short	244
 191 0028 F600     		.short	246
 192 002a F200     		.short	242
 193 002c FB00     		.short	251
 194 002e F900     		.short	249
 195 0030 FF00     		.short	255
 196 0032 D600     		.short	214
 197 0034 DC00     		.short	220
 198 0036 F800     		.short	248
 199 0038 A300     		.short	163
 200 003a D800     		.short	216
 201 003c D700     		.short	215
 202 003e 9201     		.short	402
ARM GAS  C:\Users\Akira\AppData\Local\Temp\ccq8If9k.s 			page 14


 203 0040 E100     		.short	225
 204 0042 ED00     		.short	237
 205 0044 F300     		.short	243
 206 0046 FA00     		.short	250
 207 0048 F100     		.short	241
 208 004a D100     		.short	209
 209 004c AA00     		.short	170
 210 004e BA00     		.short	186
 211 0050 BF00     		.short	191
 212 0052 AE00     		.short	174
 213 0054 AC00     		.short	172
 214 0056 BD00     		.short	189
 215 0058 BC00     		.short	188
 216 005a A100     		.short	161
 217 005c AB00     		.short	171
 218 005e BB00     		.short	187
 219 0060 9125     		.short	9617
 220 0062 9225     		.short	9618
 221 0064 9325     		.short	9619
 222 0066 0225     		.short	9474
 223 0068 2425     		.short	9508
 224 006a C100     		.short	193
 225 006c C200     		.short	194
 226 006e C000     		.short	192
 227 0070 A900     		.short	169
 228 0072 6325     		.short	9571
 229 0074 5125     		.short	9553
 230 0076 5725     		.short	9559
 231 0078 5D25     		.short	9565
 232 007a A200     		.short	162
 233 007c A500     		.short	165
 234 007e 1025     		.short	9488
 235 0080 1425     		.short	9492
 236 0082 3425     		.short	9524
 237 0084 2C25     		.short	9516
 238 0086 1C25     		.short	9500
 239 0088 0025     		.short	9472
 240 008a 3C25     		.short	9532
 241 008c E300     		.short	227
 242 008e C300     		.short	195
 243 0090 5A25     		.short	9562
 244 0092 5425     		.short	9556
 245 0094 6925     		.short	9577
 246 0096 6625     		.short	9574
 247 0098 6025     		.short	9568
 248 009a 5025     		.short	9552
 249 009c 6C25     		.short	9580
 250 009e A400     		.short	164
 251 00a0 F000     		.short	240
 252 00a2 D000     		.short	208
 253 00a4 CA00     		.short	202
 254 00a6 CB00     		.short	203
 255 00a8 C800     		.short	200
 256 00aa 3101     		.short	305
 257 00ac CD00     		.short	205
 258 00ae CE00     		.short	206
 259 00b0 CF00     		.short	207
ARM GAS  C:\Users\Akira\AppData\Local\Temp\ccq8If9k.s 			page 15


 260 00b2 1825     		.short	9496
 261 00b4 0C25     		.short	9484
 262 00b6 8825     		.short	9608
 263 00b8 8425     		.short	9604
 264 00ba A600     		.short	166
 265 00bc CC00     		.short	204
 266 00be 8025     		.short	9600
 267 00c0 D300     		.short	211
 268 00c2 DF00     		.short	223
 269 00c4 D400     		.short	212
 270 00c6 D200     		.short	210
 271 00c8 F500     		.short	245
 272 00ca D500     		.short	213
 273 00cc B500     		.short	181
 274 00ce FE00     		.short	254
 275 00d0 DE00     		.short	222
 276 00d2 DA00     		.short	218
 277 00d4 DB00     		.short	219
 278 00d6 D900     		.short	217
 279 00d8 FD00     		.short	253
 280 00da DD00     		.short	221
 281 00dc AF00     		.short	175
 282 00de B400     		.short	180
 283 00e0 AD00     		.short	173
 284 00e2 B100     		.short	177
 285 00e4 1720     		.short	8215
 286 00e6 BE00     		.short	190
 287 00e8 B600     		.short	182
 288 00ea A700     		.short	167
 289 00ec F700     		.short	247
 290 00ee B800     		.short	184
 291 00f0 B000     		.short	176
 292 00f2 A800     		.short	168
 293 00f4 B700     		.short	183
 294 00f6 B900     		.short	185
 295 00f8 B300     		.short	179
 296 00fa B200     		.short	178
 297 00fc A025     		.short	9632
 298 00fe A000     		.short	160
 299              		.section	.rodata.tbl_lower.1,"a"
 300              		.align	2
 301              		.set	.LANCHOR1,. + 0
 304              	tbl_lower.1:
 305 0000 6100     		.short	97
 306 0002 6200     		.short	98
 307 0004 6300     		.short	99
 308 0006 6400     		.short	100
 309 0008 6500     		.short	101
 310 000a 6600     		.short	102
 311 000c 6700     		.short	103
 312 000e 6800     		.short	104
 313 0010 6900     		.short	105
 314 0012 6A00     		.short	106
 315 0014 6B00     		.short	107
 316 0016 6C00     		.short	108
 317 0018 6D00     		.short	109
 318 001a 6E00     		.short	110
ARM GAS  C:\Users\Akira\AppData\Local\Temp\ccq8If9k.s 			page 16


 319 001c 6F00     		.short	111
 320 001e 7000     		.short	112
 321 0020 7100     		.short	113
 322 0022 7200     		.short	114
 323 0024 7300     		.short	115
 324 0026 7400     		.short	116
 325 0028 7500     		.short	117
 326 002a 7600     		.short	118
 327 002c 7700     		.short	119
 328 002e 7800     		.short	120
 329 0030 7900     		.short	121
 330 0032 7A00     		.short	122
 331 0034 A100     		.short	161
 332 0036 A200     		.short	162
 333 0038 A300     		.short	163
 334 003a A500     		.short	165
 335 003c AC00     		.short	172
 336 003e AF00     		.short	175
 337 0040 E000     		.short	224
 338 0042 E100     		.short	225
 339 0044 E200     		.short	226
 340 0046 E300     		.short	227
 341 0048 E400     		.short	228
 342 004a E500     		.short	229
 343 004c E600     		.short	230
 344 004e E700     		.short	231
 345 0050 E800     		.short	232
 346 0052 E900     		.short	233
 347 0054 EA00     		.short	234
 348 0056 EB00     		.short	235
 349 0058 EC00     		.short	236
 350 005a ED00     		.short	237
 351 005c EE00     		.short	238
 352 005e EF00     		.short	239
 353 0060 F000     		.short	240
 354 0062 F100     		.short	241
 355 0064 F200     		.short	242
 356 0066 F300     		.short	243
 357 0068 F400     		.short	244
 358 006a F500     		.short	245
 359 006c F600     		.short	246
 360 006e F800     		.short	248
 361 0070 F900     		.short	249
 362 0072 FA00     		.short	250
 363 0074 FB00     		.short	251
 364 0076 FC00     		.short	252
 365 0078 FD00     		.short	253
 366 007a FE00     		.short	254
 367 007c FF00     		.short	255
 368 007e 0101     		.short	257
 369 0080 0301     		.short	259
 370 0082 0501     		.short	261
 371 0084 0701     		.short	263
 372 0086 0901     		.short	265
 373 0088 0B01     		.short	267
 374 008a 0D01     		.short	269
 375 008c 0F01     		.short	271
ARM GAS  C:\Users\Akira\AppData\Local\Temp\ccq8If9k.s 			page 17


 376 008e 1101     		.short	273
 377 0090 1301     		.short	275
 378 0092 1501     		.short	277
 379 0094 1701     		.short	279
 380 0096 1901     		.short	281
 381 0098 1B01     		.short	283
 382 009a 1D01     		.short	285
 383 009c 1F01     		.short	287
 384 009e 2101     		.short	289
 385 00a0 2301     		.short	291
 386 00a2 2501     		.short	293
 387 00a4 2701     		.short	295
 388 00a6 2901     		.short	297
 389 00a8 2B01     		.short	299
 390 00aa 2D01     		.short	301
 391 00ac 2F01     		.short	303
 392 00ae 3101     		.short	305
 393 00b0 3301     		.short	307
 394 00b2 3501     		.short	309
 395 00b4 3701     		.short	311
 396 00b6 3A01     		.short	314
 397 00b8 3C01     		.short	316
 398 00ba 3E01     		.short	318
 399 00bc 4001     		.short	320
 400 00be 4201     		.short	322
 401 00c0 4401     		.short	324
 402 00c2 4601     		.short	326
 403 00c4 4801     		.short	328
 404 00c6 4B01     		.short	331
 405 00c8 4D01     		.short	333
 406 00ca 4F01     		.short	335
 407 00cc 5101     		.short	337
 408 00ce 5301     		.short	339
 409 00d0 5501     		.short	341
 410 00d2 5701     		.short	343
 411 00d4 5901     		.short	345
 412 00d6 5B01     		.short	347
 413 00d8 5D01     		.short	349
 414 00da 5F01     		.short	351
 415 00dc 6101     		.short	353
 416 00de 6301     		.short	355
 417 00e0 6501     		.short	357
 418 00e2 6701     		.short	359
 419 00e4 6901     		.short	361
 420 00e6 6B01     		.short	363
 421 00e8 6D01     		.short	365
 422 00ea 6F01     		.short	367
 423 00ec 7101     		.short	369
 424 00ee 7301     		.short	371
 425 00f0 7501     		.short	373
 426 00f2 7701     		.short	375
 427 00f4 7A01     		.short	378
 428 00f6 7C01     		.short	380
 429 00f8 7E01     		.short	382
 430 00fa 9201     		.short	402
 431 00fc B103     		.short	945
 432 00fe B203     		.short	946
ARM GAS  C:\Users\Akira\AppData\Local\Temp\ccq8If9k.s 			page 18


 433 0100 B303     		.short	947
 434 0102 B403     		.short	948
 435 0104 B503     		.short	949
 436 0106 B603     		.short	950
 437 0108 B703     		.short	951
 438 010a B803     		.short	952
 439 010c B903     		.short	953
 440 010e BA03     		.short	954
 441 0110 BB03     		.short	955
 442 0112 BC03     		.short	956
 443 0114 BD03     		.short	957
 444 0116 BE03     		.short	958
 445 0118 BF03     		.short	959
 446 011a C003     		.short	960
 447 011c C103     		.short	961
 448 011e C303     		.short	963
 449 0120 C403     		.short	964
 450 0122 C503     		.short	965
 451 0124 C603     		.short	966
 452 0126 C703     		.short	967
 453 0128 C803     		.short	968
 454 012a C903     		.short	969
 455 012c CA03     		.short	970
 456 012e 3004     		.short	1072
 457 0130 3104     		.short	1073
 458 0132 3204     		.short	1074
 459 0134 3304     		.short	1075
 460 0136 3404     		.short	1076
 461 0138 3504     		.short	1077
 462 013a 3604     		.short	1078
 463 013c 3704     		.short	1079
 464 013e 3804     		.short	1080
 465 0140 3904     		.short	1081
 466 0142 3A04     		.short	1082
 467 0144 3B04     		.short	1083
 468 0146 3C04     		.short	1084
 469 0148 3D04     		.short	1085
 470 014a 3E04     		.short	1086
 471 014c 3F04     		.short	1087
 472 014e 4004     		.short	1088
 473 0150 4104     		.short	1089
 474 0152 4204     		.short	1090
 475 0154 4304     		.short	1091
 476 0156 4404     		.short	1092
 477 0158 4504     		.short	1093
 478 015a 4604     		.short	1094
 479 015c 4704     		.short	1095
 480 015e 4804     		.short	1096
 481 0160 4904     		.short	1097
 482 0162 4A04     		.short	1098
 483 0164 4B04     		.short	1099
 484 0166 4C04     		.short	1100
 485 0168 4D04     		.short	1101
 486 016a 4E04     		.short	1102
 487 016c 4F04     		.short	1103
 488 016e 5104     		.short	1105
 489 0170 5204     		.short	1106
ARM GAS  C:\Users\Akira\AppData\Local\Temp\ccq8If9k.s 			page 19


 490 0172 5304     		.short	1107
 491 0174 5404     		.short	1108
 492 0176 5504     		.short	1109
 493 0178 5604     		.short	1110
 494 017a 5704     		.short	1111
 495 017c 5804     		.short	1112
 496 017e 5904     		.short	1113
 497 0180 5A04     		.short	1114
 498 0182 5B04     		.short	1115
 499 0184 5C04     		.short	1116
 500 0186 5E04     		.short	1118
 501 0188 5F04     		.short	1119
 502 018a 7021     		.short	8560
 503 018c 7121     		.short	8561
 504 018e 7221     		.short	8562
 505 0190 7321     		.short	8563
 506 0192 7421     		.short	8564
 507 0194 7521     		.short	8565
 508 0196 7621     		.short	8566
 509 0198 7721     		.short	8567
 510 019a 7821     		.short	8568
 511 019c 7921     		.short	8569
 512 019e 7A21     		.short	8570
 513 01a0 7B21     		.short	8571
 514 01a2 7C21     		.short	8572
 515 01a4 7D21     		.short	8573
 516 01a6 7E21     		.short	8574
 517 01a8 7F21     		.short	8575
 518 01aa 41FF     		.short	-191
 519 01ac 42FF     		.short	-190
 520 01ae 43FF     		.short	-189
 521 01b0 44FF     		.short	-188
 522 01b2 45FF     		.short	-187
 523 01b4 46FF     		.short	-186
 524 01b6 47FF     		.short	-185
 525 01b8 48FF     		.short	-184
 526 01ba 49FF     		.short	-183
 527 01bc 4AFF     		.short	-182
 528 01be 4BFF     		.short	-181
 529 01c0 4CFF     		.short	-180
 530 01c2 4DFF     		.short	-179
 531 01c4 4EFF     		.short	-178
 532 01c6 4FFF     		.short	-177
 533 01c8 50FF     		.short	-176
 534 01ca 51FF     		.short	-175
 535 01cc 52FF     		.short	-174
 536 01ce 53FF     		.short	-173
 537 01d0 54FF     		.short	-172
 538 01d2 55FF     		.short	-171
 539 01d4 56FF     		.short	-170
 540 01d6 57FF     		.short	-169
 541 01d8 58FF     		.short	-168
 542 01da 59FF     		.short	-167
 543 01dc 5AFF     		.short	-166
 544 01de 0000     		.short	0
 545              		.section	.rodata.tbl_upper.0,"a"
 546              		.align	2
ARM GAS  C:\Users\Akira\AppData\Local\Temp\ccq8If9k.s 			page 20


 547              		.set	.LANCHOR2,. + 0
 550              	tbl_upper.0:
 551 0000 4100     		.short	65
 552 0002 4200     		.short	66
 553 0004 4300     		.short	67
 554 0006 4400     		.short	68
 555 0008 4500     		.short	69
 556 000a 4600     		.short	70
 557 000c 4700     		.short	71
 558 000e 4800     		.short	72
 559 0010 4900     		.short	73
 560 0012 4A00     		.short	74
 561 0014 4B00     		.short	75
 562 0016 4C00     		.short	76
 563 0018 4D00     		.short	77
 564 001a 4E00     		.short	78
 565 001c 4F00     		.short	79
 566 001e 5000     		.short	80
 567 0020 5100     		.short	81
 568 0022 5200     		.short	82
 569 0024 5300     		.short	83
 570 0026 5400     		.short	84
 571 0028 5500     		.short	85
 572 002a 5600     		.short	86
 573 002c 5700     		.short	87
 574 002e 5800     		.short	88
 575 0030 5900     		.short	89
 576 0032 5A00     		.short	90
 577 0034 2100     		.short	33
 578 0036 E0FF     		.short	-32
 579 0038 E1FF     		.short	-31
 580 003a E5FF     		.short	-27
 581 003c E2FF     		.short	-30
 582 003e E3FF     		.short	-29
 583 0040 C000     		.short	192
 584 0042 C100     		.short	193
 585 0044 C200     		.short	194
 586 0046 C300     		.short	195
 587 0048 C400     		.short	196
 588 004a C500     		.short	197
 589 004c C600     		.short	198
 590 004e C700     		.short	199
 591 0050 C800     		.short	200
 592 0052 C900     		.short	201
 593 0054 CA00     		.short	202
 594 0056 CB00     		.short	203
 595 0058 CC00     		.short	204
 596 005a CD00     		.short	205
 597 005c CE00     		.short	206
 598 005e CF00     		.short	207
 599 0060 D000     		.short	208
 600 0062 D100     		.short	209
 601 0064 D200     		.short	210
 602 0066 D300     		.short	211
 603 0068 D400     		.short	212
 604 006a D500     		.short	213
 605 006c D600     		.short	214
ARM GAS  C:\Users\Akira\AppData\Local\Temp\ccq8If9k.s 			page 21


 606 006e D800     		.short	216
 607 0070 D900     		.short	217
 608 0072 DA00     		.short	218
 609 0074 DB00     		.short	219
 610 0076 DC00     		.short	220
 611 0078 DD00     		.short	221
 612 007a DE00     		.short	222
 613 007c 7801     		.short	376
 614 007e 0001     		.short	256
 615 0080 0201     		.short	258
 616 0082 0401     		.short	260
 617 0084 0601     		.short	262
 618 0086 0801     		.short	264
 619 0088 0A01     		.short	266
 620 008a 0C01     		.short	268
 621 008c 0E01     		.short	270
 622 008e 1001     		.short	272
 623 0090 1201     		.short	274
 624 0092 1401     		.short	276
 625 0094 1601     		.short	278
 626 0096 1801     		.short	280
 627 0098 1A01     		.short	282
 628 009a 1C01     		.short	284
 629 009c 1E01     		.short	286
 630 009e 2001     		.short	288
 631 00a0 2201     		.short	290
 632 00a2 2401     		.short	292
 633 00a4 2601     		.short	294
 634 00a6 2801     		.short	296
 635 00a8 2A01     		.short	298
 636 00aa 2C01     		.short	300
 637 00ac 2E01     		.short	302
 638 00ae 3001     		.short	304
 639 00b0 3201     		.short	306
 640 00b2 3401     		.short	308
 641 00b4 3601     		.short	310
 642 00b6 3901     		.short	313
 643 00b8 3B01     		.short	315
 644 00ba 3D01     		.short	317
 645 00bc 3F01     		.short	319
 646 00be 4101     		.short	321
 647 00c0 4301     		.short	323
 648 00c2 4501     		.short	325
 649 00c4 4701     		.short	327
 650 00c6 4A01     		.short	330
 651 00c8 4C01     		.short	332
 652 00ca 4E01     		.short	334
 653 00cc 5001     		.short	336
 654 00ce 5201     		.short	338
 655 00d0 5401     		.short	340
 656 00d2 5601     		.short	342
 657 00d4 5801     		.short	344
 658 00d6 5A01     		.short	346
 659 00d8 5C01     		.short	348
 660 00da 5E01     		.short	350
 661 00dc 6001     		.short	352
 662 00de 6201     		.short	354
ARM GAS  C:\Users\Akira\AppData\Local\Temp\ccq8If9k.s 			page 22


 663 00e0 6401     		.short	356
 664 00e2 6601     		.short	358
 665 00e4 6801     		.short	360
 666 00e6 6A01     		.short	362
 667 00e8 6C01     		.short	364
 668 00ea 6E01     		.short	366
 669 00ec 7001     		.short	368
 670 00ee 7201     		.short	370
 671 00f0 7401     		.short	372
 672 00f2 7601     		.short	374
 673 00f4 7901     		.short	377
 674 00f6 7B01     		.short	379
 675 00f8 7D01     		.short	381
 676 00fa 9101     		.short	401
 677 00fc 9103     		.short	913
 678 00fe 9203     		.short	914
 679 0100 9303     		.short	915
 680 0102 9403     		.short	916
 681 0104 9503     		.short	917
 682 0106 9603     		.short	918
 683 0108 9703     		.short	919
 684 010a 9803     		.short	920
 685 010c 9903     		.short	921
 686 010e 9A03     		.short	922
 687 0110 9B03     		.short	923
 688 0112 9C03     		.short	924
 689 0114 9D03     		.short	925
 690 0116 9E03     		.short	926
 691 0118 9F03     		.short	927
 692 011a A003     		.short	928
 693 011c A103     		.short	929
 694 011e A303     		.short	931
 695 0120 A403     		.short	932
 696 0122 A503     		.short	933
 697 0124 A603     		.short	934
 698 0126 A703     		.short	935
 699 0128 A803     		.short	936
 700 012a A903     		.short	937
 701 012c AA03     		.short	938
 702 012e 1004     		.short	1040
 703 0130 1104     		.short	1041
 704 0132 1204     		.short	1042
 705 0134 1304     		.short	1043
 706 0136 1404     		.short	1044
 707 0138 1504     		.short	1045
 708 013a 1604     		.short	1046
 709 013c 1704     		.short	1047
 710 013e 1804     		.short	1048
 711 0140 1904     		.short	1049
 712 0142 1A04     		.short	1050
 713 0144 1B04     		.short	1051
 714 0146 1C04     		.short	1052
 715 0148 1D04     		.short	1053
 716 014a 1E04     		.short	1054
 717 014c 1F04     		.short	1055
 718 014e 2004     		.short	1056
 719 0150 2104     		.short	1057
ARM GAS  C:\Users\Akira\AppData\Local\Temp\ccq8If9k.s 			page 23


 720 0152 2204     		.short	1058
 721 0154 2304     		.short	1059
 722 0156 2404     		.short	1060
 723 0158 2504     		.short	1061
 724 015a 2604     		.short	1062
 725 015c 2704     		.short	1063
 726 015e 2804     		.short	1064
 727 0160 2904     		.short	1065
 728 0162 2A04     		.short	1066
 729 0164 2B04     		.short	1067
 730 0166 2C04     		.short	1068
 731 0168 2D04     		.short	1069
 732 016a 2E04     		.short	1070
 733 016c 2F04     		.short	1071
 734 016e 0104     		.short	1025
 735 0170 0204     		.short	1026
 736 0172 0304     		.short	1027
 737 0174 0404     		.short	1028
 738 0176 0504     		.short	1029
 739 0178 0604     		.short	1030
 740 017a 0704     		.short	1031
 741 017c 0804     		.short	1032
 742 017e 0904     		.short	1033
 743 0180 0A04     		.short	1034
 744 0182 0B04     		.short	1035
 745 0184 0C04     		.short	1036
 746 0186 0E04     		.short	1038
 747 0188 0F04     		.short	1039
 748 018a 6021     		.short	8544
 749 018c 6121     		.short	8545
 750 018e 6221     		.short	8546
 751 0190 6321     		.short	8547
 752 0192 6421     		.short	8548
 753 0194 6521     		.short	8549
 754 0196 6621     		.short	8550
 755 0198 6721     		.short	8551
 756 019a 6821     		.short	8552
 757 019c 6921     		.short	8553
 758 019e 6A21     		.short	8554
 759 01a0 6B21     		.short	8555
 760 01a2 6C21     		.short	8556
 761 01a4 6D21     		.short	8557
 762 01a6 6E21     		.short	8558
 763 01a8 6F21     		.short	8559
 764 01aa 21FF     		.short	-223
 765 01ac 22FF     		.short	-222
 766 01ae 23FF     		.short	-221
 767 01b0 24FF     		.short	-220
 768 01b2 25FF     		.short	-219
 769 01b4 26FF     		.short	-218
 770 01b6 27FF     		.short	-217
 771 01b8 28FF     		.short	-216
 772 01ba 29FF     		.short	-215
 773 01bc 2AFF     		.short	-214
 774 01be 2BFF     		.short	-213
 775 01c0 2CFF     		.short	-212
 776 01c2 2DFF     		.short	-211
ARM GAS  C:\Users\Akira\AppData\Local\Temp\ccq8If9k.s 			page 24


 777 01c4 2EFF     		.short	-210
 778 01c6 2FFF     		.short	-209
 779 01c8 30FF     		.short	-208
 780 01ca 31FF     		.short	-207
 781 01cc 32FF     		.short	-206
 782 01ce 33FF     		.short	-205
 783 01d0 34FF     		.short	-204
 784 01d2 35FF     		.short	-203
 785 01d4 36FF     		.short	-202
 786 01d6 37FF     		.short	-201
 787 01d8 38FF     		.short	-200
 788 01da 39FF     		.short	-199
 789 01dc 3AFF     		.short	-198
 790 01de 0000     		.short	0
 791              		.text
 792              	.Letext0:
 793              		.file 2 "Middlewares/Third_Party/FatFs/src/option/../integer.h"
ARM GAS  C:\Users\Akira\AppData\Local\Temp\ccq8If9k.s 			page 25


DEFINED SYMBOLS
                            *ABS*:00000000 ccsbcs.c
C:\Users\Akira\AppData\Local\Temp\ccq8If9k.s:20     .text.ff_convert:00000000 $t
C:\Users\Akira\AppData\Local\Temp\ccq8If9k.s:26     .text.ff_convert:00000000 ff_convert
C:\Users\Akira\AppData\Local\Temp\ccq8If9k.s:102    .text.ff_convert:00000038 $d
C:\Users\Akira\AppData\Local\Temp\ccq8If9k.s:107    .text.ff_wtoupper:00000000 $t
C:\Users\Akira\AppData\Local\Temp\ccq8If9k.s:113    .text.ff_wtoupper:00000000 ff_wtoupper
C:\Users\Akira\AppData\Local\Temp\ccq8If9k.s:160    .text.ff_wtoupper:0000001c $d
C:\Users\Akira\AppData\Local\Temp\ccq8If9k.s:166    .rodata.Tbl:00000000 $d
C:\Users\Akira\AppData\Local\Temp\ccq8If9k.s:170    .rodata.Tbl:00000000 Tbl
C:\Users\Akira\AppData\Local\Temp\ccq8If9k.s:300    .rodata.tbl_lower.1:00000000 $d
C:\Users\Akira\AppData\Local\Temp\ccq8If9k.s:304    .rodata.tbl_lower.1:00000000 tbl_lower.1
C:\Users\Akira\AppData\Local\Temp\ccq8If9k.s:546    .rodata.tbl_upper.0:00000000 $d
C:\Users\Akira\AppData\Local\Temp\ccq8If9k.s:550    .rodata.tbl_upper.0:00000000 tbl_upper.0

NO UNDEFINED SYMBOLS
